"TimeCreated","Id","LevelDisplayName","LogName","ProviderName","MachineName","UserId","Message"
"10/18/2025 3:34:23 PM","10016","Warning","System","Microsoft-Windows-DistributedCOM","DevI9","S-1-5-21-2607162678-1993875226-2539318120-1001","The machine-default permission settings do not grant Local Activation permission for the COM Server application with CLSID  {C2F03A33-21F5-47FA-B4BB-156362A2F239}  and APPID  {316CDED5-E4AE-4B15-9113-7055D84DCC97}  to the user DEVI9\terry SID (S-1-5-21-2607162678-1993875226-2539318120-1001) from address LocalHost (Using LRPC) running in the application container Microsoft.Windows.ShellExperienceHost_10.0.19041.5072_neutral_neutral_cw5n1h2txyewy SID (S-1-15-2-155514346-2573954481-755741238-1654018636-1233331829-3075935687-2861478708). This security permission can be modified using the Component Services administrative tool."
"10/18/2025 2:37:23 PM","1033","Error","System","Microsoft-Windows-TPM-WMI","DevI9","S-1-5-18","Potentially revoked boot manager was detected in EFI partition. For more information, please see https://go.microsoft.com/fwlink/?linkid=2169931"
"10/18/2025 2:34:37 PM","10028","Error","System","Microsoft-Windows-DistributedCOM","DevI9","S-1-5-21-2607162678-1993875226-2539318120-1001","DCOM was unable to communicate with the computer mogwai-resorts-server.database.windows.net using any of the configured protocols; requested by PID     17d0 (C:\Program Files (x86)\Microsoft SQL Server Management Studio 20\Common7\IDE\Ssms.exe), while activating CLSID {8BC3F05E-D86B-11D0-A075-00C04FB68820}."
"10/18/2025 2:34:37 PM","10028","Error","System","Microsoft-Windows-DistributedCOM","DevI9","S-1-5-21-2607162678-1993875226-2539318120-1001","DCOM was unable to communicate with the computer mogwai-resorts-server.database.windows.net using any of the configured protocols; requested by PID     17d0 (C:\Program Files (x86)\Microsoft SQL Server Management Studio 20\Common7\IDE\Ssms.exe), while activating CLSID {8BC3F05E-D86B-11D0-A075-00C04FB68820}."
"10/18/2025 2:34:37 PM","10028","Error","System","Microsoft-Windows-DistributedCOM","DevI9","S-1-5-21-2607162678-1993875226-2539318120-1001","DCOM was unable to communicate with the computer mogwai-resorts-server.database.windows.net using any of the configured protocols; requested by PID     17d0 (C:\Program Files (x86)\Microsoft SQL Server Management Studio 20\Common7\IDE\Ssms.exe), while activating CLSID {8BC3F05E-D86B-11D0-A075-00C04FB68820}."
"10/18/2025 2:34:37 PM","10028","Error","System","Microsoft-Windows-DistributedCOM","DevI9","S-1-5-21-2607162678-1993875226-2539318120-1001","DCOM was unable to communicate with the computer mogwai-resorts-server.database.windows.net using any of the configured protocols; requested by PID     17d0 (C:\Program Files (x86)\Microsoft SQL Server Management Studio 20\Common7\IDE\Ssms.exe), while activating CLSID {8BC3F05E-D86B-11D0-A075-00C04FB68820}."
"10/18/2025 2:34:33 PM","10016","Warning","System","Microsoft-Windows-DistributedCOM","DevI9","S-1-5-18","The application-specific permission settings do not grant Local Launch permission for the COM Server application with CLSID  Windows.SecurityCenter.WscDataProtection  and APPID  Unavailable  to the user NT AUTHORITY\SYSTEM SID (S-1-5-18) from address LocalHost (Using LRPC) running in the application container Unavailable SID (Unavailable). This security permission can be modified using the Component Services administrative tool."
"10/18/2025 2:34:33 PM","10016","Warning","System","Microsoft-Windows-DistributedCOM","DevI9","S-1-5-18","The application-specific permission settings do not grant Local Launch permission for the COM Server application with CLSID  Windows.SecurityCenter.SecurityAppBroker  and APPID  Unavailable  to the user NT AUTHORITY\SYSTEM SID (S-1-5-18) from address LocalHost (Using LRPC) running in the application container Unavailable SID (Unavailable). This security permission can be modified using the Component Services administrative tool."
"10/18/2025 2:34:33 PM","10016","Warning","System","Microsoft-Windows-DistributedCOM","DevI9","S-1-5-18","The application-specific permission settings do not grant Local Launch permission for the COM Server application with CLSID  Windows.SecurityCenter.WscBrokerManager  and APPID  Unavailable  to the user NT AUTHORITY\SYSTEM SID (S-1-5-18) from address LocalHost (Using LRPC) running in the application container Unavailable SID (Unavailable). This security permission can be modified using the Component Services administrative tool."
"10/18/2025 2:32:42 PM","87","Error","Application","Microsoft-Windows-CertificateServicesClient-CertEnroll","DevI9","S-1-5-18","SCEP Certificate enrollment for WORKGROUP\DEVI9$ via https://IFX-KeyId-7026d09ed935dcdc44d84d7da75ccf0abc1fde0a.microsoftaik.azure.net/templates/Aik/scep failed:  PkiStatus(11): SCEPDispositionPendingChallenge EnrollStatus(32): EnrollUnknown The operation completed successfully. 0x0 (WIN32: 0) CreateChallengeAnswerMessage Submit(Request): OK HTTP/1.1 200 OK Date: Sat, 18 Oct 2025 06:32:41 GMT Content-Length: 9335 Content-Type: application/x-pki-message X-Content-Type-Options: nosniff Strict-Transport-Security: max-age=31536000;includeSubDomains x-ms-request-id: 6142970b-0c5f-457a-a92d-d5c0eaaeb758  Method: POST(5812ms) Stage: CreateChallengeAnswerMessage TPM 2.0: Public and sensitive portions of an object are not cryptographically bound. 0x802800a5 (-2144862043)"
"10/18/2025 2:32:33 PM","6062","Warning","System","Netwtw08","DevI9",,"6062 - Lso was triggered"
"10/18/2025 2:32:25 PM","63","Warning","Application","Microsoft-Windows-WMI","DevI9","S-1-5-18","A provider, IntelMEProv, has been registered in the Windows Management Instrumentation namespace root\Intel_ME to use the LocalSystem account. This account is privileged and the provider may cause a security violation if it does not correctly impersonate user requests."
"10/18/2025 2:32:25 PM","63","Warning","Application","Microsoft-Windows-WMI","DevI9","S-1-5-18","A provider, IntelMEProv, has been registered in the Windows Management Instrumentation namespace root\Intel_ME to use the LocalSystem account. This account is privileged and the provider may cause a security violation if it does not correctly impersonate user requests."
"10/18/2025 2:32:25 PM","63","Warning","Application","Microsoft-Windows-WMI","DevI9","S-1-5-18","A provider, IntelMEProv, has been registered in the Windows Management Instrumentation namespace root\Intel_ME to use the LocalSystem account. This account is privileged and the provider may cause a security violation if it does not correctly impersonate user requests."
"10/18/2025 2:32:24 PM","10016","Warning","System","Microsoft-Windows-DistributedCOM","DevI9","S-1-5-19","The application-specific permission settings do not grant Local Activation permission for the COM Server application with CLSID  {6B3B8D23-FA8D-40B9-8DBD-B950333E2C52}  and APPID  {4839DDB7-58C2-48F5-8283-E1D1807D0D7D}  to the user NT AUTHORITY\LOCAL SERVICE SID (S-1-5-19) from address LocalHost (Using LRPC) running in the application container Unavailable SID (Unavailable). This security permission can be modified using the Component Services administrative tool."
"10/18/2025 2:32:24 PM","10016","Warning","System","Microsoft-Windows-DistributedCOM","DevI9","S-1-5-19","The application-specific permission settings do not grant Local Activation permission for the COM Server application with CLSID  {6B3B8D23-FA8D-40B9-8DBD-B950333E2C52}  and APPID  {4839DDB7-58C2-48F5-8283-E1D1807D0D7D}  to the user NT AUTHORITY\LOCAL SERVICE SID (S-1-5-19) from address LocalHost (Using LRPC) running in the application container Unavailable SID (Unavailable). This security permission can be modified using the Component Services administrative tool."
"10/18/2025 2:32:23 PM","7000","Error","System","Service Control Manager","DevI9",,"The McAfee WebAdvisor service failed to start due to the following error:  The system cannot find the file specified."
"10/18/2025 2:32:23 PM","7000","Error","System","Service Control Manager","DevI9",,"The ZoomCptService service failed to start due to the following error:  The system cannot find the file specified."
"10/18/2025 2:32:23 PM","7000","Error","System","Service Control Manager","DevI9",,"The ElevationService service failed to start due to the following error:  The system cannot find the file specified."
"10/18/2025 2:32:19 PM","219","Warning","System","Microsoft-Windows-Kernel-PnP","DevI9","S-1-5-18","The driver \Driver\WudfRd failed to load for the device ROOT\WPD\0000."
"10/18/2025 2:32:03 PM","1000","Error","Application","Microsoft-Windows-Perflib","DevI9","S-1-5-18","Access to performance data was denied to user ""SYSTEM"" (value from GetUserName() for the running thread) as attempted from module ""C:\Program Files\RustDesk\RustDesk.exe"" (value from GetModuleFileName() for the binary that issued the query)."
"10/18/2025 2:31:57 PM","10002","Warning","System","Microsoft-Windows-WLAN-AutoConfig","DevI9","S-1-5-18","WLAN Extensibility Module has stopped.  Module Path: C:\Windows\system32\IntelIHVRouter08.dll "
"10/18/2025 2:31:44 PM","10010","Error","System","Microsoft-Windows-DistributedCOM","DevI9","S-1-5-21-2607162678-1993875226-2539318120-1001","The server {AB8902B4-09CA-4BB6-B78D-A8F59079A8D5} did not register with DCOM within the required timeout."
"10/18/2025 2:31:44 PM","10010","Error","System","Microsoft-Windows-DistributedCOM","DevI9","S-1-5-21-2607162678-1993875226-2539318120-1001","The server {AB8902B4-09CA-4BB6-B78D-A8F59079A8D5} did not register with DCOM within the required timeout."
"10/18/2025 2:31:41 PM","10010","Error","System","Microsoft-Windows-DistributedCOM","DevI9","S-1-5-21-2607162678-1993875226-2539318120-1001","The server {AB8902B4-09CA-4BB6-B78D-A8F59079A8D5} did not register with DCOM within the required timeout."
"10/18/2025 2:31:41 PM","10010","Error","System","Microsoft-Windows-DistributedCOM","DevI9","S-1-5-21-2607162678-1993875226-2539318120-1001","The server {AB8902B4-09CA-4BB6-B78D-A8F59079A8D5} did not register with DCOM within the required timeout."
"10/18/2025 2:31:40 PM","10010","Error","System","Microsoft-Windows-DistributedCOM","DevI9","S-1-5-21-2607162678-1993875226-2539318120-1001","The server {AB8902B4-09CA-4BB6-B78D-A8F59079A8D5} did not register with DCOM within the required timeout."
"10/18/2025 2:31:40 PM","10010","Error","System","Microsoft-Windows-DistributedCOM","DevI9","S-1-5-21-2607162678-1993875226-2539318120-1001","The server {AB8902B4-09CA-4BB6-B78D-A8F59079A8D5} did not register with DCOM within the required timeout."
"10/18/2025 2:31:39 PM","10010","Error","System","Microsoft-Windows-DistributedCOM","DevI9","S-1-5-21-2607162678-1993875226-2539318120-1001","The server {AB8902B4-09CA-4BB6-B78D-A8F59079A8D5} did not register with DCOM within the required timeout."
"10/18/2025 2:31:39 PM","10010","Error","System","Microsoft-Windows-DistributedCOM","DevI9","S-1-5-21-2607162678-1993875226-2539318120-1001","The server {AB8902B4-09CA-4BB6-B78D-A8F59079A8D5} did not register with DCOM within the required timeout."
"10/18/2025 2:22:34 PM","6062","Warning","System","Netwtw08","DevI9",,"6062 - Lso was triggered"
"10/18/2025 2:13:13 PM","33","Error","Application","SideBySide","DevI9",,"Activation context generation failed for ""C:\Program Files (x86)\Windows Kits\10\App Certification Kit\appcertui.exe"". Dependent Assembly Microsoft.Windows.Build.Appx.AppxPackaging.dll,version=""0.0.0.0"" could not be found. Please use sxstrace.exe for detailed diagnosis."
"10/18/2025 2:13:13 PM","33","Error","Application","SideBySide","DevI9",,"Activation context generation failed for ""C:\Program Files (x86)\Windows Kits\10\App Certification Kit\appcertui.exe"". Dependent Assembly Microsoft.Windows.Build.Appx.AppxPackaging.dll,version=""0.0.0.0"" could not be found. Please use sxstrace.exe for detailed diagnosis."
"10/18/2025 2:13:13 PM","33","Error","Application","SideBySide","DevI9",,"Activation context generation failed for ""C:\Program Files (x86)\Windows Kits\10\App Certification Kit\appcertui.exe"". Dependent Assembly Microsoft.Windows.Build.Appx.AppxPackaging.dll,version=""0.0.0.0"" could not be found. Please use sxstrace.exe for detailed diagnosis."
"10/18/2025 2:13:13 PM","33","Error","Application","SideBySide","DevI9",,"Activation context generation failed for ""C:\Program Files (x86)\Windows Kits\10\App Certification Kit\appcertui.exe"". Dependent Assembly Microsoft.Windows.Build.Appx.AppxPackaging.dll,version=""0.0.0.0"" could not be found. Please use sxstrace.exe for detailed diagnosis."
"10/18/2025 2:13:12 PM","33","Error","Application","SideBySide","DevI9",,"Activation context generation failed for ""C:\Program Files (x86)\Windows Kits\10\App Certification Kit\appcertui.exe"". Dependent Assembly Microsoft.Windows.Build.Appx.AppxPackaging.dll,version=""0.0.0.0"" could not be found. Please use sxstrace.exe for detailed diagnosis."
"10/18/2025 2:13:12 PM","33","Error","Application","SideBySide","DevI9",,"Activation context generation failed for ""C:\Program Files (x86)\Windows Kits\10\App Certification Kit\appcertui.exe"". Dependent Assembly Microsoft.Windows.Build.Appx.AppxPackaging.dll,version=""0.0.0.0"" could not be found. Please use sxstrace.exe for detailed diagnosis."
"10/18/2025 1:51:13 PM","1033","Error","System","Microsoft-Windows-TPM-WMI","DevI9","S-1-5-18","Potentially revoked boot manager was detected in EFI partition. For more information, please see https://go.microsoft.com/fwlink/?linkid=2169931"
"10/18/2025 1:51:12 PM","6062","Warning","System","Netwtw08","DevI9",,"6062 - Lso was triggered"
"10/18/2025 1:51:11 PM","134","Warning","System","Microsoft-Windows-Time-Service","DevI9","S-1-5-19","NtpClient was unable to set a manual peer to use as a time source because of DNS resolution error on 'time.windows.com,0x9'. NtpClient will try again in 15 minutes and double the reattempt interval thereafter. The error was: No such host is known. (0x80072AF9)"
"10/17/2025 5:14:23 PM","1033","Error","System","Microsoft-Windows-TPM-WMI","DevI9","S-1-5-18","Potentially revoked boot manager was detected in EFI partition. For more information, please see https://go.microsoft.com/fwlink/?linkid=2169931"
"10/17/2025 5:11:34 PM","10016","Warning","System","Microsoft-Windows-DistributedCOM","DevI9","S-1-5-18","The application-specific permission settings do not grant Local Launch permission for the COM Server application with CLSID  Windows.SecurityCenter.WscDataProtection  and APPID  Unavailable  to the user NT AUTHORITY\SYSTEM SID (S-1-5-18) from address LocalHost (Using LRPC) running in the application container Unavailable SID (Unavailable). This security permission can be modified using the Component Services administrative tool."
"10/17/2025 5:11:34 PM","10016","Warning","System","Microsoft-Windows-DistributedCOM","DevI9","S-1-5-18","The application-specific permission settings do not grant Local Launch permission for the COM Server application with CLSID  Windows.SecurityCenter.SecurityAppBroker  and APPID  Unavailable  to the user NT AUTHORITY\SYSTEM SID (S-1-5-18) from address LocalHost (Using LRPC) running in the application container Unavailable SID (Unavailable). This security permission can be modified using the Component Services administrative tool."
"10/17/2025 5:11:34 PM","10016","Warning","System","Microsoft-Windows-DistributedCOM","DevI9","S-1-5-18","The application-specific permission settings do not grant Local Launch permission for the COM Server application with CLSID  Windows.SecurityCenter.WscBrokerManager  and APPID  Unavailable  to the user NT AUTHORITY\SYSTEM SID (S-1-5-18) from address LocalHost (Using LRPC) running in the application container Unavailable SID (Unavailable). This security permission can be modified using the Component Services administrative tool."
"10/17/2025 5:09:45 PM","87","Error","Application","Microsoft-Windows-CertificateServicesClient-CertEnroll","DevI9","S-1-5-18","SCEP Certificate enrollment for WORKGROUP\DEVI9$ via https://IFX-KeyId-7026d09ed935dcdc44d84d7da75ccf0abc1fde0a.microsoftaik.azure.net/templates/Aik/scep failed:  PkiStatus(11): SCEPDispositionPendingChallenge EnrollStatus(32): EnrollUnknown The operation completed successfully. 0x0 (WIN32: 0) CreateChallengeAnswerMessage Submit(Request): OK HTTP/1.1 200 OK Date: Fri, 17 Oct 2025 09:09:46 GMT Content-Length: 9335 Content-Type: application/x-pki-message X-Content-Type-Options: nosniff Strict-Transport-Security: max-age=31536000;includeSubDomains x-ms-request-id: 95bc77a9-0662-48e3-a8c3-9a702598374c  Method: POST(6547ms) Stage: CreateChallengeAnswerMessage TPM 2.0: Public and sensitive portions of an object are not cryptographically bound. 0x802800a5 (-2144862043)"
"10/17/2025 5:09:28 PM","6062","Warning","System","Netwtw08","DevI9",,"6062 - Lso was triggered"
"10/17/2025 5:09:25 PM","63","Warning","Application","Microsoft-Windows-WMI","DevI9","S-1-5-18","A provider, IntelMEProv, has been registered in the Windows Management Instrumentation namespace root\Intel_ME to use the LocalSystem account. This account is privileged and the provider may cause a security violation if it does not correctly impersonate user requests."
"10/17/2025 5:09:25 PM","63","Warning","Application","Microsoft-Windows-WMI","DevI9","S-1-5-18","A provider, IntelMEProv, has been registered in the Windows Management Instrumentation namespace root\Intel_ME to use the LocalSystem account. This account is privileged and the provider may cause a security violation if it does not correctly impersonate user requests."
"10/17/2025 5:09:25 PM","63","Warning","Application","Microsoft-Windows-WMI","DevI9","S-1-5-18","A provider, IntelMEProv, has been registered in the Windows Management Instrumentation namespace root\Intel_ME to use the LocalSystem account. This account is privileged and the provider may cause a security violation if it does not correctly impersonate user requests."
"10/17/2025 5:09:25 PM","10016","Warning","System","Microsoft-Windows-DistributedCOM","DevI9","S-1-5-19","The application-specific permission settings do not grant Local Activation permission for the COM Server application with CLSID  {6B3B8D23-FA8D-40B9-8DBD-B950333E2C52}  and APPID  {4839DDB7-58C2-48F5-8283-E1D1807D0D7D}  to the user NT AUTHORITY\LOCAL SERVICE SID (S-1-5-19) from address LocalHost (Using LRPC) running in the application container Unavailable SID (Unavailable). This security permission can be modified using the Component Services administrative tool."
"10/17/2025 5:09:25 PM","10016","Warning","System","Microsoft-Windows-DistributedCOM","DevI9","S-1-5-19","The application-specific permission settings do not grant Local Activation permission for the COM Server application with CLSID  {6B3B8D23-FA8D-40B9-8DBD-B950333E2C52}  and APPID  {4839DDB7-58C2-48F5-8283-E1D1807D0D7D}  to the user NT AUTHORITY\LOCAL SERVICE SID (S-1-5-19) from address LocalHost (Using LRPC) running in the application container Unavailable SID (Unavailable). This security permission can be modified using the Component Services administrative tool."
"10/17/2025 5:09:23 PM","7000","Error","System","Service Control Manager","DevI9",,"The ZoomCptService service failed to start due to the following error:  The system cannot find the file specified."
"10/17/2025 5:09:23 PM","7000","Error","System","Service Control Manager","DevI9",,"The McAfee WebAdvisor service failed to start due to the following error:  The system cannot find the file specified."
"10/17/2025 5:09:23 PM","7000","Error","System","Service Control Manager","DevI9",,"The ElevationService service failed to start due to the following error:  The system cannot find the file specified."
"10/17/2025 5:09:18 PM","219","Warning","System","Microsoft-Windows-Kernel-PnP","DevI9","S-1-5-18","The driver \Driver\WudfRd failed to load for the device ROOT\WPD\0000."
"10/17/2025 5:08:56 PM","10002","Warning","System","Microsoft-Windows-WLAN-AutoConfig","DevI9","S-1-5-18","WLAN Extensibility Module has stopped.  Module Path: C:\Windows\system32\IntelIHVRouter08.dll "
"10/17/2025 5:08:40 PM","10010","Error","System","Microsoft-Windows-DistributedCOM","DevI9","S-1-5-21-2607162678-1993875226-2539318120-1001","The server {AB8902B4-09CA-4BB6-B78D-A8F59079A8D5} did not register with DCOM within the required timeout."
"10/17/2025 5:08:40 PM","10010","Error","System","Microsoft-Windows-DistributedCOM","DevI9","S-1-5-21-2607162678-1993875226-2539318120-1001","The server {AB8902B4-09CA-4BB6-B78D-A8F59079A8D5} did not register with DCOM within the required timeout."
"10/17/2025 5:08:40 PM","10010","Error","System","Microsoft-Windows-DistributedCOM","DevI9","S-1-5-21-2607162678-1993875226-2539318120-1001","The server {AB8902B4-09CA-4BB6-B78D-A8F59079A8D5} did not register with DCOM within the required timeout."
"10/17/2025 5:08:40 PM","10010","Error","System","Microsoft-Windows-DistributedCOM","DevI9","S-1-5-21-2607162678-1993875226-2539318120-1001","The server {AB8902B4-09CA-4BB6-B78D-A8F59079A8D5} did not register with DCOM within the required timeout."
"10/17/2025 5:08:40 PM","10010","Error","System","Microsoft-Windows-DistributedCOM","DevI9","S-1-5-21-2607162678-1993875226-2539318120-1001","The server {AB8902B4-09CA-4BB6-B78D-A8F59079A8D5} did not register with DCOM within the required timeout."
"10/17/2025 5:08:40 PM","10010","Error","System","Microsoft-Windows-DistributedCOM","DevI9","S-1-5-21-2607162678-1993875226-2539318120-1001","The server {AB8902B4-09CA-4BB6-B78D-A8F59079A8D5} did not register with DCOM within the required timeout."
"10/17/2025 5:08:40 PM","10010","Error","System","Microsoft-Windows-DistributedCOM","DevI9","S-1-5-21-2607162678-1993875226-2539318120-1001","The server {AB8902B4-09CA-4BB6-B78D-A8F59079A8D5} did not register with DCOM within the required timeout."
"10/17/2025 5:08:40 PM","10010","Error","System","Microsoft-Windows-DistributedCOM","DevI9","S-1-5-21-2607162678-1993875226-2539318120-1001","The server {AB8902B4-09CA-4BB6-B78D-A8F59079A8D5} did not register with DCOM within the required timeout."
"10/17/2025 5:08:40 PM","10010","Error","System","Microsoft-Windows-DistributedCOM","DevI9","S-1-5-21-2607162678-1993875226-2539318120-1001","The server {AB8902B4-09CA-4BB6-B78D-A8F59079A8D5} did not register with DCOM within the required timeout."
"10/17/2025 5:08:40 PM","10010","Error","System","Microsoft-Windows-DistributedCOM","DevI9","S-1-5-21-2607162678-1993875226-2539318120-1001","The server {AB8902B4-09CA-4BB6-B78D-A8F59079A8D5} did not register with DCOM within the required timeout."
"10/17/2025 5:08:40 PM","10010","Error","System","Microsoft-Windows-DistributedCOM","DevI9","S-1-5-21-2607162678-1993875226-2539318120-1001","The server {AB8902B4-09CA-4BB6-B78D-A8F59079A8D5} did not register with DCOM within the required timeout."
"10/17/2025 5:08:40 PM","10010","Error","System","Microsoft-Windows-DistributedCOM","DevI9","S-1-5-21-2607162678-1993875226-2539318120-1001","The server {AB8902B4-09CA-4BB6-B78D-A8F59079A8D5} did not register with DCOM within the required timeout."
"10/17/2025 5:08:40 PM","10010","Error","System","Microsoft-Windows-DistributedCOM","DevI9","S-1-5-21-2607162678-1993875226-2539318120-1001","The server {AB8902B4-09CA-4BB6-B78D-A8F59079A8D5} did not register with DCOM within the required timeout."
"10/17/2025 5:08:40 PM","10010","Error","System","Microsoft-Windows-DistributedCOM","DevI9","S-1-5-21-2607162678-1993875226-2539318120-1001","The server {AB8902B4-09CA-4BB6-B78D-A8F59079A8D5} did not register with DCOM within the required timeout."
"10/17/2025 5:08:40 PM","10010","Error","System","Microsoft-Windows-DistributedCOM","DevI9","S-1-5-21-2607162678-1993875226-2539318120-1001","The server {AB8902B4-09CA-4BB6-B78D-A8F59079A8D5} did not register with DCOM within the required timeout."
"10/17/2025 5:08:40 PM","10010","Error","System","Microsoft-Windows-DistributedCOM","DevI9","S-1-5-21-2607162678-1993875226-2539318120-1001","The server {AB8902B4-09CA-4BB6-B78D-A8F59079A8D5} did not register with DCOM within the required timeout."
"10/17/2025 5:08:40 PM","10010","Error","System","Microsoft-Windows-DistributedCOM","DevI9","S-1-5-21-2607162678-1993875226-2539318120-1001","The server {AB8902B4-09CA-4BB6-B78D-A8F59079A8D5} did not register with DCOM within the required timeout."
"10/17/2025 5:08:40 PM","10010","Error","System","Microsoft-Windows-DistributedCOM","DevI9","S-1-5-21-2607162678-1993875226-2539318120-1001","The server {AB8902B4-09CA-4BB6-B78D-A8F59079A8D5} did not register with DCOM within the required timeout."
"10/17/2025 5:08:40 PM","10010","Error","System","Microsoft-Windows-DistributedCOM","DevI9","S-1-5-21-2607162678-1993875226-2539318120-1001","The server {AB8902B4-09CA-4BB6-B78D-A8F59079A8D5} did not register with DCOM within the required timeout."
"10/17/2025 5:08:40 PM","10010","Error","System","Microsoft-Windows-DistributedCOM","DevI9","S-1-5-21-2607162678-1993875226-2539318120-1001","The server {AB8902B4-09CA-4BB6-B78D-A8F59079A8D5} did not register with DCOM within the required timeout."
"10/17/2025 5:08:40 PM","10010","Error","System","Microsoft-Windows-DistributedCOM","DevI9","S-1-5-21-2607162678-1993875226-2539318120-1001","The server {AB8902B4-09CA-4BB6-B78D-A8F59079A8D5} did not register with DCOM within the required timeout."
"10/17/2025 5:08:40 PM","10010","Error","System","Microsoft-Windows-DistributedCOM","DevI9","S-1-5-21-2607162678-1993875226-2539318120-1001","The server {AB8902B4-09CA-4BB6-B78D-A8F59079A8D5} did not register with DCOM within the required timeout."
"10/17/2025 5:08:40 PM","10010","Error","System","Microsoft-Windows-DistributedCOM","DevI9","S-1-5-21-2607162678-1993875226-2539318120-1001","The server {AB8902B4-09CA-4BB6-B78D-A8F59079A8D5} did not register with DCOM within the required timeout."
"10/17/2025 5:08:40 PM","10010","Error","System","Microsoft-Windows-DistributedCOM","DevI9","S-1-5-21-2607162678-1993875226-2539318120-1001","The server {AB8902B4-09CA-4BB6-B78D-A8F59079A8D5} did not register with DCOM within the required timeout."
"10/17/2025 5:08:40 PM","10010","Error","System","Microsoft-Windows-DistributedCOM","DevI9","S-1-5-21-2607162678-1993875226-2539318120-1001","The server {AB8902B4-09CA-4BB6-B78D-A8F59079A8D5} did not register with DCOM within the required timeout."
"10/17/2025 5:08:40 PM","10010","Error","System","Microsoft-Windows-DistributedCOM","DevI9","S-1-5-21-2607162678-1993875226-2539318120-1001","The server {AB8902B4-09CA-4BB6-B78D-A8F59079A8D5} did not register with DCOM within the required timeout."
"10/17/2025 5:08:40 PM","10010","Error","System","Microsoft-Windows-DistributedCOM","DevI9","S-1-5-21-2607162678-1993875226-2539318120-1001","The server {AB8902B4-09CA-4BB6-B78D-A8F59079A8D5} did not register with DCOM within the required timeout."
"10/17/2025 5:08:40 PM","10010","Error","System","Microsoft-Windows-DistributedCOM","DevI9","S-1-5-21-2607162678-1993875226-2539318120-1001","The server {AB8902B4-09CA-4BB6-B78D-A8F59079A8D5} did not register with DCOM within the required timeout."
"10/17/2025 5:08:40 PM","10010","Error","System","Microsoft-Windows-DistributedCOM","DevI9","S-1-5-21-2607162678-1993875226-2539318120-1001","The server {AB8902B4-09CA-4BB6-B78D-A8F59079A8D5} did not register with DCOM within the required timeout."
"10/17/2025 5:08:40 PM","10010","Error","System","Microsoft-Windows-DistributedCOM","DevI9","S-1-5-21-2607162678-1993875226-2539318120-1001","The server {AB8902B4-09CA-4BB6-B78D-A8F59079A8D5} did not register with DCOM within the required timeout."
"10/17/2025 5:08:40 PM","10010","Error","System","Microsoft-Windows-DistributedCOM","DevI9","S-1-5-21-2607162678-1993875226-2539318120-1001","The server {AB8902B4-09CA-4BB6-B78D-A8F59079A8D5} did not register with DCOM within the required timeout."
"10/17/2025 5:08:40 PM","10010","Error","System","Microsoft-Windows-DistributedCOM","DevI9","S-1-5-21-2607162678-1993875226-2539318120-1001","The server {AB8902B4-09CA-4BB6-B78D-A8F59079A8D5} did not register with DCOM within the required timeout."
"10/17/2025 5:08:40 PM","10010","Error","System","Microsoft-Windows-DistributedCOM","DevI9","S-1-5-21-2607162678-1993875226-2539318120-1001","The server {AB8902B4-09CA-4BB6-B78D-A8F59079A8D5} did not register with DCOM within the required timeout."
"10/17/2025 5:08:40 PM","10010","Error","System","Microsoft-Windows-DistributedCOM","DevI9","S-1-5-21-2607162678-1993875226-2539318120-1001","The server {AB8902B4-09CA-4BB6-B78D-A8F59079A8D5} did not register with DCOM within the required timeout."
"10/17/2025 5:08:40 PM","10010","Error","System","Microsoft-Windows-DistributedCOM","DevI9","S-1-5-21-2607162678-1993875226-2539318120-1001","The server {AB8902B4-09CA-4BB6-B78D-A8F59079A8D5} did not register with DCOM within the required timeout."
"10/17/2025 5:08:40 PM","10010","Error","System","Microsoft-Windows-DistributedCOM","DevI9","S-1-5-21-2607162678-1993875226-2539318120-1001","The server {AB8902B4-09CA-4BB6-B78D-A8F59079A8D5} did not register with DCOM within the required timeout."
"10/17/2025 5:08:40 PM","10010","Error","System","Microsoft-Windows-DistributedCOM","DevI9","S-1-5-21-2607162678-1993875226-2539318120-1001","The server {AB8902B4-09CA-4BB6-B78D-A8F59079A8D5} did not register with DCOM within the required timeout."
"10/17/2025 5:08:40 PM","10010","Error","System","Microsoft-Windows-DistributedCOM","DevI9","S-1-5-21-2607162678-1993875226-2539318120-1001","The server {AB8902B4-09CA-4BB6-B78D-A8F59079A8D5} did not register with DCOM within the required timeout."
"10/17/2025 5:08:40 PM","10010","Error","System","Microsoft-Windows-DistributedCOM","DevI9","S-1-5-21-2607162678-1993875226-2539318120-1001","The server {AB8902B4-09CA-4BB6-B78D-A8F59079A8D5} did not register with DCOM within the required timeout."
"10/17/2025 5:08:40 PM","10010","Error","System","Microsoft-Windows-DistributedCOM","DevI9","S-1-5-21-2607162678-1993875226-2539318120-1001","The server {AB8902B4-09CA-4BB6-B78D-A8F59079A8D5} did not register with DCOM within the required timeout."
"10/17/2025 5:08:40 PM","10010","Error","System","Microsoft-Windows-DistributedCOM","DevI9","S-1-5-21-2607162678-1993875226-2539318120-1001","The server {AB8902B4-09CA-4BB6-B78D-A8F59079A8D5} did not register with DCOM within the required timeout."
"10/17/2025 5:08:40 PM","10010","Error","System","Microsoft-Windows-DistributedCOM","DevI9","S-1-5-21-2607162678-1993875226-2539318120-1001","The server {AB8902B4-09CA-4BB6-B78D-A8F59079A8D5} did not register with DCOM within the required timeout."
"10/17/2025 5:08:40 PM","10010","Error","System","Microsoft-Windows-DistributedCOM","DevI9","S-1-5-21-2607162678-1993875226-2539318120-1001","The server {AB8902B4-09CA-4BB6-B78D-A8F59079A8D5} did not register with DCOM within the required timeout."
"10/17/2025 5:08:40 PM","10010","Error","System","Microsoft-Windows-DistributedCOM","DevI9","S-1-5-21-2607162678-1993875226-2539318120-1001","The server {AB8902B4-09CA-4BB6-B78D-A8F59079A8D5} did not register with DCOM within the required timeout."
"10/17/2025 5:08:40 PM","10010","Error","System","Microsoft-Windows-DistributedCOM","DevI9","S-1-5-21-2607162678-1993875226-2539318120-1001","The server {AB8902B4-09CA-4BB6-B78D-A8F59079A8D5} did not register with DCOM within the required timeout."
"10/17/2025 5:08:40 PM","10010","Error","System","Microsoft-Windows-DistributedCOM","DevI9","S-1-5-21-2607162678-1993875226-2539318120-1001","The server {AB8902B4-09CA-4BB6-B78D-A8F59079A8D5} did not register with DCOM within the required timeout."
"10/17/2025 5:08:40 PM","10010","Error","System","Microsoft-Windows-DistributedCOM","DevI9","S-1-5-21-2607162678-1993875226-2539318120-1001","The server {AB8902B4-09CA-4BB6-B78D-A8F59079A8D5} did not register with DCOM within the required timeout."
"10/17/2025 5:08:40 PM","10010","Error","System","Microsoft-Windows-DistributedCOM","DevI9","S-1-5-21-2607162678-1993875226-2539318120-1001","The server {AB8902B4-09CA-4BB6-B78D-A8F59079A8D5} did not register with DCOM within the required timeout."
"10/17/2025 5:08:40 PM","10010","Error","System","Microsoft-Windows-DistributedCOM","DevI9","S-1-5-21-2607162678-1993875226-2539318120-1001","The server {AB8902B4-09CA-4BB6-B78D-A8F59079A8D5} did not register with DCOM within the required timeout."
"10/17/2025 5:08:40 PM","10010","Error","System","Microsoft-Windows-DistributedCOM","DevI9","S-1-5-21-2607162678-1993875226-2539318120-1001","The server {AB8902B4-09CA-4BB6-B78D-A8F59079A8D5} did not register with DCOM within the required timeout."
"10/17/2025 5:08:39 PM","10010","Error","System","Microsoft-Windows-DistributedCOM","DevI9","S-1-5-21-2607162678-1993875226-2539318120-1001","The server {AB8902B4-09CA-4BB6-B78D-A8F59079A8D5} did not register with DCOM within the required timeout."
"10/17/2025 5:08:39 PM","10010","Error","System","Microsoft-Windows-DistributedCOM","DevI9","S-1-5-21-2607162678-1993875226-2539318120-1001","The server {AB8902B4-09CA-4BB6-B78D-A8F59079A8D5} did not register with DCOM within the required timeout."
"10/17/2025 5:08:39 PM","10010","Error","System","Microsoft-Windows-DistributedCOM","DevI9","S-1-5-21-2607162678-1993875226-2539318120-1001","The server {AB8902B4-09CA-4BB6-B78D-A8F59079A8D5} did not register with DCOM within the required timeout."
"10/17/2025 5:08:39 PM","10010","Error","System","Microsoft-Windows-DistributedCOM","DevI9","S-1-5-21-2607162678-1993875226-2539318120-1001","The server {AB8902B4-09CA-4BB6-B78D-A8F59079A8D5} did not register with DCOM within the required timeout."
"10/17/2025 5:08:39 PM","10010","Error","System","Microsoft-Windows-DistributedCOM","DevI9","S-1-5-21-2607162678-1993875226-2539318120-1001","The server {AB8902B4-09CA-4BB6-B78D-A8F59079A8D5} did not register with DCOM within the required timeout."
"10/17/2025 5:08:39 PM","10010","Error","System","Microsoft-Windows-DistributedCOM","DevI9","S-1-5-21-2607162678-1993875226-2539318120-1001","The server {AB8902B4-09CA-4BB6-B78D-A8F59079A8D5} did not register with DCOM within the required timeout."
"10/17/2025 5:08:39 PM","10010","Error","System","Microsoft-Windows-DistributedCOM","DevI9","S-1-5-21-2607162678-1993875226-2539318120-1001","The server {AB8902B4-09CA-4BB6-B78D-A8F59079A8D5} did not register with DCOM within the required timeout."
"10/17/2025 5:08:39 PM","10010","Error","System","Microsoft-Windows-DistributedCOM","DevI9","S-1-5-21-2607162678-1993875226-2539318120-1001","The server {AB8902B4-09CA-4BB6-B78D-A8F59079A8D5} did not register with DCOM within the required timeout."
"10/17/2025 5:08:39 PM","10010","Error","System","Microsoft-Windows-DistributedCOM","DevI9","S-1-5-21-2607162678-1993875226-2539318120-1001","The server {AB8902B4-09CA-4BB6-B78D-A8F59079A8D5} did not register with DCOM within the required timeout."
"10/17/2025 5:08:39 PM","10010","Error","System","Microsoft-Windows-DistributedCOM","DevI9","S-1-5-21-2607162678-1993875226-2539318120-1001","The server {AB8902B4-09CA-4BB6-B78D-A8F59079A8D5} did not register with DCOM within the required timeout."
"10/17/2025 5:08:39 PM","10010","Error","System","Microsoft-Windows-DistributedCOM","DevI9","S-1-5-21-2607162678-1993875226-2539318120-1001","The server {AB8902B4-09CA-4BB6-B78D-A8F59079A8D5} did not register with DCOM within the required timeout."
"10/17/2025 5:08:39 PM","10010","Error","System","Microsoft-Windows-DistributedCOM","DevI9","S-1-5-21-2607162678-1993875226-2539318120-1001","The server {AB8902B4-09CA-4BB6-B78D-A8F59079A8D5} did not register with DCOM within the required timeout."
"10/17/2025 5:08:39 PM","10010","Error","System","Microsoft-Windows-DistributedCOM","DevI9","S-1-5-21-2607162678-1993875226-2539318120-1001","The server {AB8902B4-09CA-4BB6-B78D-A8F59079A8D5} did not register with DCOM within the required timeout."
"10/17/2025 5:08:39 PM","10010","Error","System","Microsoft-Windows-DistributedCOM","DevI9","S-1-5-21-2607162678-1993875226-2539318120-1001","The server {AB8902B4-09CA-4BB6-B78D-A8F59079A8D5} did not register with DCOM within the required timeout."
"10/17/2025 5:08:39 PM","10010","Error","System","Microsoft-Windows-DistributedCOM","DevI9","S-1-5-21-2607162678-1993875226-2539318120-1001","The server {AB8902B4-09CA-4BB6-B78D-A8F59079A8D5} did not register with DCOM within the required timeout."
"10/17/2025 5:08:39 PM","10010","Error","System","Microsoft-Windows-DistributedCOM","DevI9","S-1-5-21-2607162678-1993875226-2539318120-1001","The server {AB8902B4-09CA-4BB6-B78D-A8F59079A8D5} did not register with DCOM within the required timeout."
"10/17/2025 5:08:39 PM","10010","Error","System","Microsoft-Windows-DistributedCOM","DevI9","S-1-5-21-2607162678-1993875226-2539318120-1001","The server {AB8902B4-09CA-4BB6-B78D-A8F59079A8D5} did not register with DCOM within the required timeout."
"10/17/2025 5:08:39 PM","10010","Error","System","Microsoft-Windows-DistributedCOM","DevI9","S-1-5-21-2607162678-1993875226-2539318120-1001","The server {AB8902B4-09CA-4BB6-B78D-A8F59079A8D5} did not register with DCOM within the required timeout."
"10/17/2025 5:08:39 PM","10010","Error","System","Microsoft-Windows-DistributedCOM","DevI9","S-1-5-21-2607162678-1993875226-2539318120-1001","The server {AB8902B4-09CA-4BB6-B78D-A8F59079A8D5} did not register with DCOM within the required timeout."
"10/17/2025 5:08:39 PM","10010","Error","System","Microsoft-Windows-DistributedCOM","DevI9","S-1-5-21-2607162678-1993875226-2539318120-1001","The server {AB8902B4-09CA-4BB6-B78D-A8F59079A8D5} did not register with DCOM within the required timeout."
"10/17/2025 5:08:39 PM","10010","Error","System","Microsoft-Windows-DistributedCOM","DevI9","S-1-5-21-2607162678-1993875226-2539318120-1001","The server {AB8902B4-09CA-4BB6-B78D-A8F59079A8D5} did not register with DCOM within the required timeout."
"10/17/2025 5:08:39 PM","10010","Error","System","Microsoft-Windows-DistributedCOM","DevI9","S-1-5-21-2607162678-1993875226-2539318120-1001","The server {AB8902B4-09CA-4BB6-B78D-A8F59079A8D5} did not register with DCOM within the required timeout."
"10/17/2025 5:08:39 PM","10010","Error","System","Microsoft-Windows-DistributedCOM","DevI9","S-1-5-21-2607162678-1993875226-2539318120-1001","The server {AB8902B4-09CA-4BB6-B78D-A8F59079A8D5} did not register with DCOM within the required timeout."
"10/17/2025 5:08:39 PM","10010","Error","System","Microsoft-Windows-DistributedCOM","DevI9","S-1-5-21-2607162678-1993875226-2539318120-1001","The server {AB8902B4-09CA-4BB6-B78D-A8F59079A8D5} did not register with DCOM within the required timeout."
"10/17/2025 5:08:39 PM","10010","Error","System","Microsoft-Windows-DistributedCOM","DevI9","S-1-5-21-2607162678-1993875226-2539318120-1001","The server {AB8902B4-09CA-4BB6-B78D-A8F59079A8D5} did not register with DCOM within the required timeout."
"10/17/2025 5:08:39 PM","10010","Error","System","Microsoft-Windows-DistributedCOM","DevI9","S-1-5-21-2607162678-1993875226-2539318120-1001","The server {AB8902B4-09CA-4BB6-B78D-A8F59079A8D5} did not register with DCOM within the required timeout."
"10/17/2025 5:08:18 PM","10007","Error","Application","Microsoft-Windows-RestartManager","DevI9","S-1-5-21-2607162678-1993875226-2539318120-1001","Application or service 'spacedeskService' could not be restarted."
"10/17/2025 4:58:32 PM","1033","Error","System","Microsoft-Windows-TPM-WMI","DevI9","S-1-5-18","Potentially revoked boot manager was detected in EFI partition. For more information, please see https://go.microsoft.com/fwlink/?linkid=2169931"
"10/17/2025 4:55:43 PM","10016","Warning","System","Microsoft-Windows-DistributedCOM","DevI9","S-1-5-18","The application-specific permission settings do not grant Local Launch permission for the COM Server application with CLSID  Windows.SecurityCenter.WscBrokerManager  and APPID  Unavailable  to the user NT AUTHORITY\SYSTEM SID (S-1-5-18) from address LocalHost (Using LRPC) running in the application container Unavailable SID (Unavailable). This security permission can be modified using the Component Services administrative tool."
"10/17/2025 4:55:43 PM","10016","Warning","System","Microsoft-Windows-DistributedCOM","DevI9","S-1-5-18","The application-specific permission settings do not grant Local Launch permission for the COM Server application with CLSID  Windows.SecurityCenter.SecurityAppBroker  and APPID  Unavailable  to the user NT AUTHORITY\SYSTEM SID (S-1-5-18) from address LocalHost (Using LRPC) running in the application container Unavailable SID (Unavailable). This security permission can be modified using the Component Services administrative tool."
"10/17/2025 4:55:43 PM","10016","Warning","System","Microsoft-Windows-DistributedCOM","DevI9","S-1-5-18","The application-specific permission settings do not grant Local Launch permission for the COM Server application with CLSID  Windows.SecurityCenter.WscDataProtection  and APPID  Unavailable  to the user NT AUTHORITY\SYSTEM SID (S-1-5-18) from address LocalHost (Using LRPC) running in the application container Unavailable SID (Unavailable). This security permission can be modified using the Component Services administrative tool."
"10/17/2025 4:53:53 PM","87","Error","Application","Microsoft-Windows-CertificateServicesClient-CertEnroll","DevI9","S-1-5-18","SCEP Certificate enrollment for WORKGROUP\DEVI9$ via https://IFX-KeyId-7026d09ed935dcdc44d84d7da75ccf0abc1fde0a.microsoftaik.azure.net/templates/Aik/scep failed:  PkiStatus(11): SCEPDispositionPendingChallenge EnrollStatus(32): EnrollUnknown The operation completed successfully. 0x0 (WIN32: 0) CreateChallengeAnswerMessage Submit(Request): OK HTTP/1.1 200 OK Date: Fri, 17 Oct 2025 08:53:54 GMT Content-Length: 9335 Content-Type: application/x-pki-message X-Content-Type-Options: nosniff Strict-Transport-Security: max-age=31536000;includeSubDomains x-ms-request-id: 644b9d49-0cf8-421a-8250-1a77bdd35c79  Method: POST(5219ms) Stage: CreateChallengeAnswerMessage TPM 2.0: Public and sensitive portions of an object are not cryptographically bound. 0x802800a5 (-2144862043)"
"10/17/2025 4:53:37 PM","6062","Warning","System","Netwtw08","DevI9",,"6062 - Lso was triggered"
"10/17/2025 4:53:34 PM","63","Warning","Application","Microsoft-Windows-WMI","DevI9","S-1-5-18","A provider, IntelMEProv, has been registered in the Windows Management Instrumentation namespace root\Intel_ME to use the LocalSystem account. This account is privileged and the provider may cause a security violation if it does not correctly impersonate user requests."
"10/17/2025 4:53:34 PM","63","Warning","Application","Microsoft-Windows-WMI","DevI9","S-1-5-18","A provider, IntelMEProv, has been registered in the Windows Management Instrumentation namespace root\Intel_ME to use the LocalSystem account. This account is privileged and the provider may cause a security violation if it does not correctly impersonate user requests."
"10/17/2025 4:53:34 PM","63","Warning","Application","Microsoft-Windows-WMI","DevI9","S-1-5-18","A provider, IntelMEProv, has been registered in the Windows Management Instrumentation namespace root\Intel_ME to use the LocalSystem account. This account is privileged and the provider may cause a security violation if it does not correctly impersonate user requests."
"10/17/2025 4:53:34 PM","10016","Warning","System","Microsoft-Windows-DistributedCOM","DevI9","S-1-5-19","The application-specific permission settings do not grant Local Activation permission for the COM Server application with CLSID  {6B3B8D23-FA8D-40B9-8DBD-B950333E2C52}  and APPID  {4839DDB7-58C2-48F5-8283-E1D1807D0D7D}  to the user NT AUTHORITY\LOCAL SERVICE SID (S-1-5-19) from address LocalHost (Using LRPC) running in the application container Unavailable SID (Unavailable). This security permission can be modified using the Component Services administrative tool."
"10/17/2025 4:53:34 PM","10016","Warning","System","Microsoft-Windows-DistributedCOM","DevI9","S-1-5-19","The application-specific permission settings do not grant Local Activation permission for the COM Server application with CLSID  {6B3B8D23-FA8D-40B9-8DBD-B950333E2C52}  and APPID  {4839DDB7-58C2-48F5-8283-E1D1807D0D7D}  to the user NT AUTHORITY\LOCAL SERVICE SID (S-1-5-19) from address LocalHost (Using LRPC) running in the application container Unavailable SID (Unavailable). This security permission can be modified using the Component Services administrative tool."
"10/17/2025 4:53:32 PM","7000","Error","System","Service Control Manager","DevI9",,"The ZoomCptService service failed to start due to the following error:  The system cannot find the file specified."
"10/17/2025 4:53:32 PM","7000","Error","System","Service Control Manager","DevI9",,"The McAfee WebAdvisor service failed to start due to the following error:  The system cannot find the file specified."
"10/17/2025 4:53:32 PM","7000","Error","System","Service Control Manager","DevI9",,"The ElevationService service failed to start due to the following error:  The system cannot find the file specified."
"10/17/2025 4:53:28 PM","219","Warning","System","Microsoft-Windows-Kernel-PnP","DevI9","S-1-5-18","The driver \Driver\WudfRd failed to load for the device ROOT\WPD\0000."
"10/17/2025 4:53:07 PM","10002","Warning","System","Microsoft-Windows-WLAN-AutoConfig","DevI9","S-1-5-18","WLAN Extensibility Module has stopped.  Module Path: C:\Windows\system32\IntelIHVRouter08.dll "
"10/17/2025 4:52:50 PM","10010","Error","System","Microsoft-Windows-DistributedCOM","DevI9","S-1-5-21-2607162678-1993875226-2539318120-1001","The server {AB8902B4-09CA-4BB6-B78D-A8F59079A8D5} did not register with DCOM within the required timeout."
"10/17/2025 4:50:27 PM","4101","Warning","System","Display","DevI9",,"Display driver nvlddmkm stopped responding and has successfully recovered."
"10/17/2025 4:50:23 PM","153","Error","System","nvlddmkm","DevI9",,""
"10/17/2025 4:50:23 PM","153","Error","System","nvlddmkm","DevI9",,""
"10/17/2025 4:50:19 PM","153","Error","System","nvlddmkm","DevI9",,""
"10/17/2025 4:50:11 PM","14","Error","System","nvlddmkm","DevI9",,""
"10/17/2025 4:50:11 PM","14","Error","System","nvlddmkm","DevI9",,""
"10/17/2025 3:55:20 PM","1033","Error","System","Microsoft-Windows-TPM-WMI","DevI9","S-1-5-18","Potentially revoked boot manager was detected in EFI partition. For more information, please see https://go.microsoft.com/fwlink/?linkid=2169931"
"10/17/2025 3:52:31 PM","10016","Warning","System","Microsoft-Windows-DistributedCOM","DevI9","S-1-5-18","The application-specific permission settings do not grant Local Launch permission for the COM Server application with CLSID  Windows.SecurityCenter.WscDataProtection  and APPID  Unavailable  to the user NT AUTHORITY\SYSTEM SID (S-1-5-18) from address LocalHost (Using LRPC) running in the application container Unavailable SID (Unavailable). This security permission can be modified using the Component Services administrative tool."
"10/17/2025 3:52:31 PM","10016","Warning","System","Microsoft-Windows-DistributedCOM","DevI9","S-1-5-18","The application-specific permission settings do not grant Local Launch permission for the COM Server application with CLSID  Windows.SecurityCenter.WscBrokerManager  and APPID  Unavailable  to the user NT AUTHORITY\SYSTEM SID (S-1-5-18) from address LocalHost (Using LRPC) running in the application container Unavailable SID (Unavailable). This security permission can be modified using the Component Services administrative tool."
"10/17/2025 3:52:31 PM","10016","Warning","System","Microsoft-Windows-DistributedCOM","DevI9","S-1-5-18","The application-specific permission settings do not grant Local Launch permission for the COM Server application with CLSID  Windows.SecurityCenter.SecurityAppBroker  and APPID  Unavailable  to the user NT AUTHORITY\SYSTEM SID (S-1-5-18) from address LocalHost (Using LRPC) running in the application container Unavailable SID (Unavailable). This security permission can be modified using the Component Services administrative tool."
"10/17/2025 3:50:39 PM","87","Error","Application","Microsoft-Windows-CertificateServicesClient-CertEnroll","DevI9","S-1-5-18","SCEP Certificate enrollment for WORKGROUP\DEVI9$ via https://IFX-KeyId-7026d09ed935dcdc44d84d7da75ccf0abc1fde0a.microsoftaik.azure.net/templates/Aik/scep failed:  PkiStatus(11): SCEPDispositionPendingChallenge EnrollStatus(32): EnrollUnknown The operation completed successfully. 0x0 (WIN32: 0) CreateChallengeAnswerMessage Submit(Request): OK HTTP/1.1 200 OK Date: Fri, 17 Oct 2025 07:50:40 GMT Content-Length: 9335 Content-Type: application/x-pki-message X-Content-Type-Options: nosniff Strict-Transport-Security: max-age=31536000;includeSubDomains x-ms-request-id: ce2ecb78-d3fa-4860-922f-efd347e0ce1e  Method: POST(4765ms) Stage: CreateChallengeAnswerMessage TPM 2.0: Public and sensitive portions of an object are not cryptographically bound. 0x802800a5 (-2144862043)"
"10/17/2025 3:50:31 PM","6062","Warning","System","Netwtw08","DevI9",,"6062 - Lso was triggered"
"10/17/2025 3:50:23 PM","63","Warning","Application","Microsoft-Windows-WMI","DevI9","S-1-5-18","A provider, IntelMEProv, has been registered in the Windows Management Instrumentation namespace root\Intel_ME to use the LocalSystem account. This account is privileged and the provider may cause a security violation if it does not correctly impersonate user requests."
"10/17/2025 3:50:23 PM","63","Warning","Application","Microsoft-Windows-WMI","DevI9","S-1-5-18","A provider, IntelMEProv, has been registered in the Windows Management Instrumentation namespace root\Intel_ME to use the LocalSystem account. This account is privileged and the provider may cause a security violation if it does not correctly impersonate user requests."
