"10/10/2025 6:12:12 PM","10010","Error","System","Microsoft-Windows-DistributedCOM","DevI9","S-1-5-21-2607162678-1993875226-2539318120-1001","The server {AB8902B4-09CA-4BB6-B78D-A8F59079A8D5} did not register with DCOM within the required timeout."
"10/10/2025 6:12:12 PM","10010","Error","System","Microsoft-Windows-DistributedCOM","DevI9","S-1-5-21-2607162678-1993875226-2539318120-1001","The server {AB8902B4-09CA-4BB6-B78D-A8F59079A8D5} did not register with DCOM within the required timeout."
"10/10/2025 6:12:12 PM","10010","Error","System","Microsoft-Windows-DistributedCOM","DevI9","S-1-5-21-2607162678-1993875226-2539318120-1001","The server {AB8902B4-09CA-4BB6-B78D-A8F59079A8D5} did not register with DCOM within the required timeout."
"10/10/2025 6:12:12 PM","10010","Error","System","Microsoft-Windows-DistributedCOM","DevI9","S-1-5-21-2607162678-1993875226-2539318120-1001","The server {AB8902B4-09CA-4BB6-B78D-A8F59079A8D5} did not register with DCOM within the required timeout."
"10/10/2025 6:12:12 PM","10010","Error","System","Microsoft-Windows-DistributedCOM","DevI9","S-1-5-21-2607162678-1993875226-2539318120-1001","The server {AB8902B4-09CA-4BB6-B78D-A8F59079A8D5} did not register with DCOM within the required timeout."
"10/10/2025 6:12:12 PM","10010","Error","System","Microsoft-Windows-DistributedCOM","DevI9","S-1-5-21-2607162678-1993875226-2539318120-1001","The server {AB8902B4-09CA-4BB6-B78D-A8F59079A8D5} did not register with DCOM within the required timeout."
"10/10/2025 6:12:12 PM","10010","Error","System","Microsoft-Windows-DistributedCOM","DevI9","S-1-5-21-2607162678-1993875226-2539318120-1001","The server {AB8902B4-09CA-4BB6-B78D-A8F59079A8D5} did not register with DCOM within the required timeout."
"10/10/2025 6:12:12 PM","10010","Error","System","Microsoft-Windows-DistributedCOM","DevI9","S-1-5-21-2607162678-1993875226-2539318120-1001","The server {AB8902B4-09CA-4BB6-B78D-A8F59079A8D5} did not register with DCOM within the required timeout."
"10/10/2025 6:12:12 PM","10010","Error","System","Microsoft-Windows-DistributedCOM","DevI9","S-1-5-21-2607162678-1993875226-2539318120-1001","The server {AB8902B4-09CA-4BB6-B78D-A8F59079A8D5} did not register with DCOM within the required timeout."
"10/10/2025 6:12:12 PM","10010","Error","System","Microsoft-Windows-DistributedCOM","DevI9","S-1-5-21-2607162678-1993875226-2539318120-1001","The server {AB8902B4-09CA-4BB6-B78D-A8F59079A8D5} did not register with DCOM within the required timeout."
"10/10/2025 6:12:12 PM","10010","Error","System","Microsoft-Windows-DistributedCOM","DevI9","S-1-5-21-2607162678-1993875226-2539318120-1001","The server {AB8902B4-09CA-4BB6-B78D-A8F59079A8D5} did not register with DCOM within the required timeout."
"10/10/2025 6:12:12 PM","10010","Error","System","Microsoft-Windows-DistributedCOM","DevI9","S-1-5-21-2607162678-1993875226-2539318120-1001","The server {AB8902B4-09CA-4BB6-B78D-A8F59079A8D5} did not register with DCOM within the required timeout."
"10/10/2025 6:12:12 PM","10010","Error","System","Microsoft-Windows-DistributedCOM","DevI9","S-1-5-21-2607162678-1993875226-2539318120-1001","The server {AB8902B4-09CA-4BB6-B78D-A8F59079A8D5} did not register with DCOM within the required timeout."
"10/10/2025 6:12:12 PM","10010","Error","System","Microsoft-Windows-DistributedCOM","DevI9","S-1-5-21-2607162678-1993875226-2539318120-1001","The server {AB8902B4-09CA-4BB6-B78D-A8F59079A8D5} did not register with DCOM within the required timeout."
"10/10/2025 6:12:12 PM","10010","Error","System","Microsoft-Windows-DistributedCOM","DevI9","S-1-5-21-2607162678-1993875226-2539318120-1001","The server {AB8902B4-09CA-4BB6-B78D-A8F59079A8D5} did not register with DCOM within the required timeout."
"10/10/2025 6:12:12 PM","10010","Error","System","Microsoft-Windows-DistributedCOM","DevI9","S-1-5-21-2607162678-1993875226-2539318120-1001","The server {AB8902B4-09CA-4BB6-B78D-A8F59079A8D5} did not register with DCOM within the required timeout."
"10/10/2025 6:12:12 PM","10010","Error","System","Microsoft-Windows-DistributedCOM","DevI9","S-1-5-21-2607162678-1993875226-2539318120-1001","The server {AB8902B4-09CA-4BB6-B78D-A8F59079A8D5} did not register with DCOM within the required timeout."
"10/10/2025 6:12:12 PM","10010","Error","System","Microsoft-Windows-DistributedCOM","DevI9","S-1-5-21-2607162678-1993875226-2539318120-1001","The server {AB8902B4-09CA-4BB6-B78D-A8F59079A8D5} did not register with DCOM within the required timeout."
"10/10/2025 6:12:12 PM","10010","Error","System","Microsoft-Windows-DistributedCOM","DevI9","S-1-5-21-2607162678-1993875226-2539318120-1001","The server {AB8902B4-09CA-4BB6-B78D-A8F59079A8D5} did not register with DCOM within the required timeout."
"10/10/2025 6:12:12 PM","10010","Error","System","Microsoft-Windows-DistributedCOM","DevI9","S-1-5-21-2607162678-1993875226-2539318120-1001","The server {AB8902B4-09CA-4BB6-B78D-A8F59079A8D5} did not register with DCOM within the required timeout."
"10/10/2025 6:12:12 PM","10010","Error","System","Microsoft-Windows-DistributedCOM","DevI9","S-1-5-21-2607162678-1993875226-2539318120-1001","The server {AB8902B4-09CA-4BB6-B78D-A8F59079A8D5} did not register with DCOM within the required timeout."
"10/10/2025 6:12:12 PM","10010","Error","System","Microsoft-Windows-DistributedCOM","DevI9","S-1-5-21-2607162678-1993875226-2539318120-1001","The server {AB8902B4-09CA-4BB6-B78D-A8F59079A8D5} did not register with DCOM within the required timeout."
"10/10/2025 6:12:12 PM","10010","Error","System","Microsoft-Windows-DistributedCOM","DevI9","S-1-5-21-2607162678-1993875226-2539318120-1001","The server {AB8902B4-09CA-4BB6-B78D-A8F59079A8D5} did not register with DCOM within the required timeout."
"10/10/2025 6:12:12 PM","10010","Error","System","Microsoft-Windows-DistributedCOM","DevI9","S-1-5-21-2607162678-1993875226-2539318120-1001","The server {AB8902B4-09CA-4BB6-B78D-A8F59079A8D5} did not register with DCOM within the required timeout."
"10/10/2025 6:12:12 PM","10010","Error","System","Microsoft-Windows-DistributedCOM","DevI9","S-1-5-21-2607162678-1993875226-2539318120-1001","The server {AB8902B4-09CA-4BB6-B78D-A8F59079A8D5} did not register with DCOM within the required timeout."
"10/10/2025 6:12:12 PM","10010","Error","System","Microsoft-Windows-DistributedCOM","DevI9","S-1-5-21-2607162678-1993875226-2539318120-1001","The server {AB8902B4-09CA-4BB6-B78D-A8F59079A8D5} did not register with DCOM within the required timeout."
"10/10/2025 6:12:12 PM","10010","Error","System","Microsoft-Windows-DistributedCOM","DevI9","S-1-5-21-2607162678-1993875226-2539318120-1001","The server {AB8902B4-09CA-4BB6-B78D-A8F59079A8D5} did not register with DCOM within the required timeout."
"10/10/2025 6:12:12 PM","10010","Error","System","Microsoft-Windows-DistributedCOM","DevI9","S-1-5-21-2607162678-1993875226-2539318120-1001","The server {AB8902B4-09CA-4BB6-B78D-A8F59079A8D5} did not register with DCOM within the required timeout."
"10/10/2025 6:12:12 PM","10010","Error","System","Microsoft-Windows-DistributedCOM","DevI9","S-1-5-21-2607162678-1993875226-2539318120-1001","The server {AB8902B4-09CA-4BB6-B78D-A8F59079A8D5} did not register with DCOM within the required timeout."
"10/10/2025 6:12:12 PM","10010","Error","System","Microsoft-Windows-DistributedCOM","DevI9","S-1-5-21-2607162678-1993875226-2539318120-1001","The server {AB8902B4-09CA-4BB6-B78D-A8F59079A8D5} did not register with DCOM within the required timeout."
"10/10/2025 6:12:12 PM","10010","Error","System","Microsoft-Windows-DistributedCOM","DevI9","S-1-5-21-2607162678-1993875226-2539318120-1001","The server {AB8902B4-09CA-4BB6-B78D-A8F59079A8D5} did not register with DCOM within the required timeout."
"10/10/2025 6:12:12 PM","10010","Error","System","Microsoft-Windows-DistributedCOM","DevI9","S-1-5-21-2607162678-1993875226-2539318120-1001","The server {AB8902B4-09CA-4BB6-B78D-A8F59079A8D5} did not register with DCOM within the required timeout."
"10/10/2025 6:12:12 PM","10010","Error","System","Microsoft-Windows-DistributedCOM","DevI9","S-1-5-21-2607162678-1993875226-2539318120-1001","The server {AB8902B4-09CA-4BB6-B78D-A8F59079A8D5} did not register with DCOM within the required timeout."
"10/10/2025 6:12:12 PM","10010","Error","System","Microsoft-Windows-DistributedCOM","DevI9","S-1-5-21-2607162678-1993875226-2539318120-1001","The server {AB8902B4-09CA-4BB6-B78D-A8F59079A8D5} did not register with DCOM within the required timeout."
"10/10/2025 6:12:12 PM","10010","Error","System","Microsoft-Windows-DistributedCOM","DevI9","S-1-5-21-2607162678-1993875226-2539318120-1001","The server {AB8902B4-09CA-4BB6-B78D-A8F59079A8D5} did not register with DCOM within the required timeout."
"10/10/2025 6:12:12 PM","10010","Error","System","Microsoft-Windows-DistributedCOM","DevI9","S-1-5-21-2607162678-1993875226-2539318120-1001","The server {AB8902B4-09CA-4BB6-B78D-A8F59079A8D5} did not register with DCOM within the required timeout."
"10/10/2025 6:12:12 PM","10010","Error","System","Microsoft-Windows-DistributedCOM","DevI9","S-1-5-21-2607162678-1993875226-2539318120-1001","The server {AB8902B4-09CA-4BB6-B78D-A8F59079A8D5} did not register with DCOM within the required timeout."
"10/10/2025 6:12:12 PM","10010","Error","System","Microsoft-Windows-DistributedCOM","DevI9","S-1-5-21-2607162678-1993875226-2539318120-1001","The server {AB8902B4-09CA-4BB6-B78D-A8F59079A8D5} did not register with DCOM within the required timeout."
"10/10/2025 6:12:12 PM","10010","Error","System","Microsoft-Windows-DistributedCOM","DevI9","S-1-5-21-2607162678-1993875226-2539318120-1001","The server {AB8902B4-09CA-4BB6-B78D-A8F59079A8D5} did not register with DCOM within the required timeout."
"10/10/2025 6:12:12 PM","10010","Error","System","Microsoft-Windows-DistributedCOM","DevI9","S-1-5-21-2607162678-1993875226-2539318120-1001","The server {AB8902B4-09CA-4BB6-B78D-A8F59079A8D5} did not register with DCOM within the required timeout."
"10/10/2025 6:12:12 PM","10010","Error","System","Microsoft-Windows-DistributedCOM","DevI9","S-1-5-21-2607162678-1993875226-2539318120-1001","The server {AB8902B4-09CA-4BB6-B78D-A8F59079A8D5} did not register with DCOM within the required timeout."
"10/10/2025 6:12:12 PM","10010","Error","System","Microsoft-Windows-DistributedCOM","DevI9","S-1-5-21-2607162678-1993875226-2539318120-1001","The server {AB8902B4-09CA-4BB6-B78D-A8F59079A8D5} did not register with DCOM within the required timeout."
"10/10/2025 6:12:12 PM","10010","Error","System","Microsoft-Windows-DistributedCOM","DevI9","S-1-5-21-2607162678-1993875226-2539318120-1001","The server {AB8902B4-09CA-4BB6-B78D-A8F59079A8D5} did not register with DCOM within the required timeout."
"10/10/2025 6:12:11 PM","10010","Error","System","Microsoft-Windows-DistributedCOM","DevI9","S-1-5-21-2607162678-1993875226-2539318120-1001","The server {AB8902B4-09CA-4BB6-B78D-A8F59079A8D5} did not register with DCOM within the required timeout."
"10/10/2025 6:12:11 PM","10010","Error","System","Microsoft-Windows-DistributedCOM","DevI9","S-1-5-21-2607162678-1993875226-2539318120-1001","The server {AB8902B4-09CA-4BB6-B78D-A8F59079A8D5} did not register with DCOM within the required timeout."
"10/10/2025 6:12:11 PM","10010","Error","System","Microsoft-Windows-DistributedCOM","DevI9","S-1-5-21-2607162678-1993875226-2539318120-1001","The server {AB8902B4-09CA-4BB6-B78D-A8F59079A8D5} did not register with DCOM within the required timeout."
"10/10/2025 6:12:11 PM","10010","Error","System","Microsoft-Windows-DistributedCOM","DevI9","S-1-5-21-2607162678-1993875226-2539318120-1001","The server {AB8902B4-09CA-4BB6-B78D-A8F59079A8D5} did not register with DCOM within the required timeout."
"10/10/2025 6:12:11 PM","10010","Error","System","Microsoft-Windows-DistributedCOM","DevI9","S-1-5-21-2607162678-1993875226-2539318120-1001","The server {AB8902B4-09CA-4BB6-B78D-A8F59079A8D5} did not register with DCOM within the required timeout."
"10/10/2025 6:12:11 PM","10010","Error","System","Microsoft-Windows-DistributedCOM","DevI9","S-1-5-21-2607162678-1993875226-2539318120-1001","The server {AB8902B4-09CA-4BB6-B78D-A8F59079A8D5} did not register with DCOM within the required timeout."
"10/10/2025 6:12:11 PM","10010","Error","System","Microsoft-Windows-DistributedCOM","DevI9","S-1-5-21-2607162678-1993875226-2539318120-1001","The server {AB8902B4-09CA-4BB6-B78D-A8F59079A8D5} did not register with DCOM within the required timeout."
"10/10/2025 6:12:11 PM","10010","Error","System","Microsoft-Windows-DistributedCOM","DevI9","S-1-5-21-2607162678-1993875226-2539318120-1001","The server {AB8902B4-09CA-4BB6-B78D-A8F59079A8D5} did not register with DCOM within the required timeout."
"10/10/2025 6:12:11 PM","10010","Error","System","Microsoft-Windows-DistributedCOM","DevI9","S-1-5-21-2607162678-1993875226-2539318120-1001","The server {AB8902B4-09CA-4BB6-B78D-A8F59079A8D5} did not register with DCOM within the required timeout."
"10/10/2025 6:12:11 PM","10010","Error","System","Microsoft-Windows-DistributedCOM","DevI9","S-1-5-21-2607162678-1993875226-2539318120-1001","The server {AB8902B4-09CA-4BB6-B78D-A8F59079A8D5} did not register with DCOM within the required timeout."
"10/10/2025 6:12:11 PM","10010","Error","System","Microsoft-Windows-DistributedCOM","DevI9","S-1-5-21-2607162678-1993875226-2539318120-1001","The server {AB8902B4-09CA-4BB6-B78D-A8F59079A8D5} did not register with DCOM within the required timeout."
"10/10/2025 6:12:11 PM","10010","Error","System","Microsoft-Windows-DistributedCOM","DevI9","S-1-5-21-2607162678-1993875226-2539318120-1001","The server {AB8902B4-09CA-4BB6-B78D-A8F59079A8D5} did not register with DCOM within the required timeout."
"10/10/2025 6:12:11 PM","10010","Error","System","Microsoft-Windows-DistributedCOM","DevI9","S-1-5-21-2607162678-1993875226-2539318120-1001","The server {AB8902B4-09CA-4BB6-B78D-A8F59079A8D5} did not register with DCOM within the required timeout."
"10/10/2025 6:12:11 PM","10010","Error","System","Microsoft-Windows-DistributedCOM","DevI9","S-1-5-21-2607162678-1993875226-2539318120-1001","The server {AB8902B4-09CA-4BB6-B78D-A8F59079A8D5} did not register with DCOM within the required timeout."
"10/10/2025 6:12:11 PM","10010","Error","System","Microsoft-Windows-DistributedCOM","DevI9","S-1-5-21-2607162678-1993875226-2539318120-1001","The server {AB8902B4-09CA-4BB6-B78D-A8F59079A8D5} did not register with DCOM within the required timeout."
"10/10/2025 6:12:07 PM","10010","Error","System","Microsoft-Windows-DistributedCOM","DevI9","S-1-5-21-2607162678-1993875226-2539318120-1001","The server {AB8902B4-09CA-4BB6-B78D-A8F59079A8D5} did not register with DCOM within the required timeout."
"10/10/2025 6:12:07 PM","10010","Error","System","Microsoft-Windows-DistributedCOM","DevI9","S-1-5-21-2607162678-1993875226-2539318120-1001","The server {AB8902B4-09CA-4BB6-B78D-A8F59079A8D5} did not register with DCOM within the required timeout."
"10/10/2025 6:12:07 PM","10010","Error","System","Microsoft-Windows-DistributedCOM","DevI9","S-1-5-21-2607162678-1993875226-2539318120-1001","The server {AB8902B4-09CA-4BB6-B78D-A8F59079A8D5} did not register with DCOM within the required timeout."
"10/10/2025 6:12:07 PM","10010","Error","System","Microsoft-Windows-DistributedCOM","DevI9","S-1-5-21-2607162678-1993875226-2539318120-1001","The server {AB8902B4-09CA-4BB6-B78D-A8F59079A8D5} did not register with DCOM within the required timeout."
"10/10/2025 6:12:07 PM","10010","Error","System","Microsoft-Windows-DistributedCOM","DevI9","S-1-5-21-2607162678-1993875226-2539318120-1001","The server {AB8902B4-09CA-4BB6-B78D-A8F59079A8D5} did not register with DCOM within the required timeout."
"10/10/2025 6:12:07 PM","10010","Error","System","Microsoft-Windows-DistributedCOM","DevI9","S-1-5-21-2607162678-1993875226-2539318120-1001","The server {AB8902B4-09CA-4BB6-B78D-A8F59079A8D5} did not register with DCOM within the required timeout."
"10/10/2025 6:12:07 PM","10010","Error","System","Microsoft-Windows-DistributedCOM","DevI9","S-1-5-21-2607162678-1993875226-2539318120-1001","The server {AB8902B4-09CA-4BB6-B78D-A8F59079A8D5} did not register with DCOM within the required timeout."
"10/10/2025 6:12:07 PM","10010","Error","System","Microsoft-Windows-DistributedCOM","DevI9","S-1-5-21-2607162678-1993875226-2539318120-1001","The server {AB8902B4-09CA-4BB6-B78D-A8F59079A8D5} did not register with DCOM within the required timeout."
"10/10/2025 6:12:07 PM","10010","Error","System","Microsoft-Windows-DistributedCOM","DevI9","S-1-5-21-2607162678-1993875226-2539318120-1001","The server {AB8902B4-09CA-4BB6-B78D-A8F59079A8D5} did not register with DCOM within the required timeout."
"10/10/2025 6:12:07 PM","10010","Error","System","Microsoft-Windows-DistributedCOM","DevI9","S-1-5-21-2607162678-1993875226-2539318120-1001","The server {AB8902B4-09CA-4BB6-B78D-A8F59079A8D5} did not register with DCOM within the required timeout."
"10/10/2025 6:12:07 PM","10010","Error","System","Microsoft-Windows-DistributedCOM","DevI9","S-1-5-21-2607162678-1993875226-2539318120-1001","The server {AB8902B4-09CA-4BB6-B78D-A8F59079A8D5} did not register with DCOM within the required timeout."
"10/10/2025 6:12:07 PM","10010","Error","System","Microsoft-Windows-DistributedCOM","DevI9","S-1-5-21-2607162678-1993875226-2539318120-1001","The server {AB8902B4-09CA-4BB6-B78D-A8F59079A8D5} did not register with DCOM within the required timeout."
"10/10/2025 6:12:07 PM","10010","Error","System","Microsoft-Windows-DistributedCOM","DevI9","S-1-5-21-2607162678-1993875226-2539318120-1001","The server {AB8902B4-09CA-4BB6-B78D-A8F59079A8D5} did not register with DCOM within the required timeout."
"10/10/2025 6:12:07 PM","10010","Error","System","Microsoft-Windows-DistributedCOM","DevI9","S-1-5-21-2607162678-1993875226-2539318120-1001","The server {AB8902B4-09CA-4BB6-B78D-A8F59079A8D5} did not register with DCOM within the required timeout."
"10/10/2025 6:12:07 PM","10010","Error","System","Microsoft-Windows-DistributedCOM","DevI9","S-1-5-21-2607162678-1993875226-2539318120-1001","The server {AB8902B4-09CA-4BB6-B78D-A8F59079A8D5} did not register with DCOM within the required timeout."
"10/10/2025 6:12:06 PM","10010","Error","System","Microsoft-Windows-DistributedCOM","DevI9","S-1-5-21-2607162678-1993875226-2539318120-1001","The server {AB8902B4-09CA-4BB6-B78D-A8F59079A8D5} did not register with DCOM within the required timeout."
"10/10/2025 6:12:06 PM","10010","Error","System","Microsoft-Windows-DistributedCOM","DevI9","S-1-5-21-2607162678-1993875226-2539318120-1001","The server {AB8902B4-09CA-4BB6-B78D-A8F59079A8D5} did not register with DCOM within the required timeout."
"10/10/2025 6:12:06 PM","10010","Error","System","Microsoft-Windows-DistributedCOM","DevI9","S-1-5-21-2607162678-1993875226-2539318120-1001","The server {AB8902B4-09CA-4BB6-B78D-A8F59079A8D5} did not register with DCOM within the required timeout."
"10/10/2025 6:12:06 PM","10010","Error","System","Microsoft-Windows-DistributedCOM","DevI9","S-1-5-21-2607162678-1993875226-2539318120-1001","The server {AB8902B4-09CA-4BB6-B78D-A8F59079A8D5} did not register with DCOM within the required timeout."
"10/10/2025 6:12:06 PM","10010","Error","System","Microsoft-Windows-DistributedCOM","DevI9","S-1-5-21-2607162678-1993875226-2539318120-1001","The server {AB8902B4-09CA-4BB6-B78D-A8F59079A8D5} did not register with DCOM within the required timeout."
"10/10/2025 6:12:06 PM","10010","Error","System","Microsoft-Windows-DistributedCOM","DevI9","S-1-5-21-2607162678-1993875226-2539318120-1001","The server {AB8902B4-09CA-4BB6-B78D-A8F59079A8D5} did not register with DCOM within the required timeout."
"10/10/2025 6:12:06 PM","10010","Error","System","Microsoft-Windows-DistributedCOM","DevI9","S-1-5-21-2607162678-1993875226-2539318120-1001","The server {AB8902B4-09CA-4BB6-B78D-A8F59079A8D5} did not register with DCOM within the required timeout."
"10/10/2025 6:12:06 PM","10010","Error","System","Microsoft-Windows-DistributedCOM","DevI9","S-1-5-21-2607162678-1993875226-2539318120-1001","The server {AB8902B4-09CA-4BB6-B78D-A8F59079A8D5} did not register with DCOM within the required timeout."
"10/10/2025 6:12:06 PM","10010","Error","System","Microsoft-Windows-DistributedCOM","DevI9","S-1-5-21-2607162678-1993875226-2539318120-1001","The server {AB8902B4-09CA-4BB6-B78D-A8F59079A8D5} did not register with DCOM within the required timeout."
"10/10/2025 6:12:06 PM","10010","Error","System","Microsoft-Windows-DistributedCOM","DevI9","S-1-5-21-2607162678-1993875226-2539318120-1001","The server {AB8902B4-09CA-4BB6-B78D-A8F59079A8D5} did not register with DCOM within the required timeout."
"10/10/2025 6:12:06 PM","10010","Error","System","Microsoft-Windows-DistributedCOM","DevI9","S-1-5-21-2607162678-1993875226-2539318120-1001","The server {AB8902B4-09CA-4BB6-B78D-A8F59079A8D5} did not register with DCOM within the required timeout."
"10/10/2025 6:12:06 PM","10010","Error","System","Microsoft-Windows-DistributedCOM","DevI9","S-1-5-21-2607162678-1993875226-2539318120-1001","The server {AB8902B4-09CA-4BB6-B78D-A8F59079A8D5} did not register with DCOM within the required timeout."
"10/10/2025 6:12:06 PM","10010","Error","System","Microsoft-Windows-DistributedCOM","DevI9","S-1-5-21-2607162678-1993875226-2539318120-1001","The server {AB8902B4-09CA-4BB6-B78D-A8F59079A8D5} did not register with DCOM within the required timeout."
"10/10/2025 6:12:06 PM","10010","Error","System","Microsoft-Windows-DistributedCOM","DevI9","S-1-5-21-2607162678-1993875226-2539318120-1001","The server {AB8902B4-09CA-4BB6-B78D-A8F59079A8D5} did not register with DCOM within the required timeout."
"10/10/2025 6:12:06 PM","10010","Error","System","Microsoft-Windows-DistributedCOM","DevI9","S-1-5-21-2607162678-1993875226-2539318120-1001","The server {AB8902B4-09CA-4BB6-B78D-A8F59079A8D5} did not register with DCOM within the required timeout."
"10/10/2025 6:12:06 PM","10010","Error","System","Microsoft-Windows-DistributedCOM","DevI9","S-1-5-21-2607162678-1993875226-2539318120-1001","The server {AB8902B4-09CA-4BB6-B78D-A8F59079A8D5} did not register with DCOM within the required timeout."
"10/10/2025 6:12:06 PM","10010","Error","System","Microsoft-Windows-DistributedCOM","DevI9","S-1-5-21-2607162678-1993875226-2539318120-1001","The server {AB8902B4-09CA-4BB6-B78D-A8F59079A8D5} did not register with DCOM within the required timeout."
"10/10/2025 6:12:06 PM","10010","Error","System","Microsoft-Windows-DistributedCOM","DevI9","S-1-5-21-2607162678-1993875226-2539318120-1001","The server {AB8902B4-09CA-4BB6-B78D-A8F59079A8D5} did not register with DCOM within the required timeout."
"10/10/2025 6:12:06 PM","10010","Error","System","Microsoft-Windows-DistributedCOM","DevI9","S-1-5-21-2607162678-1993875226-2539318120-1001","The server {AB8902B4-09CA-4BB6-B78D-A8F59079A8D5} did not register with DCOM within the required timeout."
"10/10/2025 6:12:06 PM","10010","Error","System","Microsoft-Windows-DistributedCOM","DevI9","S-1-5-21-2607162678-1993875226-2539318120-1001","The server {AB8902B4-09CA-4BB6-B78D-A8F59079A8D5} did not register with DCOM within the required timeout."
"10/10/2025 6:12:06 PM","10010","Error","System","Microsoft-Windows-DistributedCOM","DevI9","S-1-5-21-2607162678-1993875226-2539318120-1001","The server {AB8902B4-09CA-4BB6-B78D-A8F59079A8D5} did not register with DCOM within the required timeout."
"10/10/2025 6:12:06 PM","10010","Error","System","Microsoft-Windows-DistributedCOM","DevI9","S-1-5-21-2607162678-1993875226-2539318120-1001","The server {AB8902B4-09CA-4BB6-B78D-A8F59079A8D5} did not register with DCOM within the required timeout."
"10/10/2025 6:12:06 PM","10010","Error","System","Microsoft-Windows-DistributedCOM","DevI9","S-1-5-21-2607162678-1993875226-2539318120-1001","The server {AB8902B4-09CA-4BB6-B78D-A8F59079A8D5} did not register with DCOM within the required timeout."
"10/10/2025 6:12:06 PM","10010","Error","System","Microsoft-Windows-DistributedCOM","DevI9","S-1-5-21-2607162678-1993875226-2539318120-1001","The server {AB8902B4-09CA-4BB6-B78D-A8F59079A8D5} did not register with DCOM within the required timeout."
"10/10/2025 6:12:06 PM","10010","Error","System","Microsoft-Windows-DistributedCOM","DevI9","S-1-5-21-2607162678-1993875226-2539318120-1001","The server {AB8902B4-09CA-4BB6-B78D-A8F59079A8D5} did not register with DCOM within the required timeout."
"10/10/2025 6:12:06 PM","10010","Error","System","Microsoft-Windows-DistributedCOM","DevI9","S-1-5-21-2607162678-1993875226-2539318120-1001","The server {AB8902B4-09CA-4BB6-B78D-A8F59079A8D5} did not register with DCOM within the required timeout."
"10/10/2025 6:12:06 PM","10010","Error","System","Microsoft-Windows-DistributedCOM","DevI9","S-1-5-21-2607162678-1993875226-2539318120-1001","The server {AB8902B4-09CA-4BB6-B78D-A8F59079A8D5} did not register with DCOM within the required timeout."
"10/10/2025 6:12:06 PM","10010","Error","System","Microsoft-Windows-DistributedCOM","DevI9","S-1-5-21-2607162678-1993875226-2539318120-1001","The server {AB8902B4-09CA-4BB6-B78D-A8F59079A8D5} did not register with DCOM within the required timeout."
"10/10/2025 6:12:06 PM","10010","Error","System","Microsoft-Windows-DistributedCOM","DevI9","S-1-5-21-2607162678-1993875226-2539318120-1001","The server {AB8902B4-09CA-4BB6-B78D-A8F59079A8D5} did not register with DCOM within the required timeout."
"10/10/2025 6:12:06 PM","10010","Error","System","Microsoft-Windows-DistributedCOM","DevI9","S-1-5-21-2607162678-1993875226-2539318120-1001","The server {AB8902B4-09CA-4BB6-B78D-A8F59079A8D5} did not register with DCOM within the required timeout."
"10/10/2025 6:12:06 PM","10010","Error","System","Microsoft-Windows-DistributedCOM","DevI9","S-1-5-21-2607162678-1993875226-2539318120-1001","The server {AB8902B4-09CA-4BB6-B78D-A8F59079A8D5} did not register with DCOM within the required timeout."
"10/10/2025 6:12:06 PM","10010","Error","System","Microsoft-Windows-DistributedCOM","DevI9","S-1-5-21-2607162678-1993875226-2539318120-1001","The server {AB8902B4-09CA-4BB6-B78D-A8F59079A8D5} did not register with DCOM within the required timeout."
"10/10/2025 6:12:06 PM","10010","Error","System","Microsoft-Windows-DistributedCOM","DevI9","S-1-5-21-2607162678-1993875226-2539318120-1001","The server {AB8902B4-09CA-4BB6-B78D-A8F59079A8D5} did not register with DCOM within the required timeout."
"10/10/2025 6:12:06 PM","10010","Error","System","Microsoft-Windows-DistributedCOM","DevI9","S-1-5-21-2607162678-1993875226-2539318120-1001","The server {AB8902B4-09CA-4BB6-B78D-A8F59079A8D5} did not register with DCOM within the required timeout."
"10/10/2025 6:12:06 PM","10010","Error","System","Microsoft-Windows-DistributedCOM","DevI9","S-1-5-21-2607162678-1993875226-2539318120-1001","The server {AB8902B4-09CA-4BB6-B78D-A8F59079A8D5} did not register with DCOM within the required timeout."
"10/10/2025 6:12:06 PM","10010","Error","System","Microsoft-Windows-DistributedCOM","DevI9","S-1-5-21-2607162678-1993875226-2539318120-1001","The server {AB8902B4-09CA-4BB6-B78D-A8F59079A8D5} did not register with DCOM within the required timeout."
"10/10/2025 6:12:06 PM","10010","Error","System","Microsoft-Windows-DistributedCOM","DevI9","S-1-5-21-2607162678-1993875226-2539318120-1001","The server {AB8902B4-09CA-4BB6-B78D-A8F59079A8D5} did not register with DCOM within the required timeout."
"10/10/2025 6:12:06 PM","10010","Error","System","Microsoft-Windows-DistributedCOM","DevI9","S-1-5-21-2607162678-1993875226-2539318120-1001","The server {AB8902B4-09CA-4BB6-B78D-A8F59079A8D5} did not register with DCOM within the required timeout."
"10/10/2025 6:12:06 PM","10010","Error","System","Microsoft-Windows-DistributedCOM","DevI9","S-1-5-21-2607162678-1993875226-2539318120-1001","The server {AB8902B4-09CA-4BB6-B78D-A8F59079A8D5} did not register with DCOM within the required timeout."
"10/10/2025 6:12:06 PM","10010","Error","System","Microsoft-Windows-DistributedCOM","DevI9","S-1-5-21-2607162678-1993875226-2539318120-1001","The server {AB8902B4-09CA-4BB6-B78D-A8F59079A8D5} did not register with DCOM within the required timeout."
"10/10/2025 6:12:06 PM","10010","Error","System","Microsoft-Windows-DistributedCOM","DevI9","S-1-5-21-2607162678-1993875226-2539318120-1001","The server {AB8902B4-09CA-4BB6-B78D-A8F59079A8D5} did not register with DCOM within the required timeout."
"10/10/2025 6:12:06 PM","10010","Error","System","Microsoft-Windows-DistributedCOM","DevI9","S-1-5-21-2607162678-1993875226-2539318120-1001","The server {AB8902B4-09CA-4BB6-B78D-A8F59079A8D5} did not register with DCOM within the required timeout."
"10/10/2025 6:12:06 PM","10010","Error","System","Microsoft-Windows-DistributedCOM","DevI9","S-1-5-21-2607162678-1993875226-2539318120-1001","The server {AB8902B4-09CA-4BB6-B78D-A8F59079A8D5} did not register with DCOM within the required timeout."
"10/10/2025 6:12:06 PM","10010","Error","System","Microsoft-Windows-DistributedCOM","DevI9","S-1-5-21-2607162678-1993875226-2539318120-1001","The server {AB8902B4-09CA-4BB6-B78D-A8F59079A8D5} did not register with DCOM within the required timeout."
"10/10/2025 6:12:06 PM","10010","Error","System","Microsoft-Windows-DistributedCOM","DevI9","S-1-5-21-2607162678-1993875226-2539318120-1001","The server {AB8902B4-09CA-4BB6-B78D-A8F59079A8D5} did not register with DCOM within the required timeout."
"10/10/2025 6:12:06 PM","10010","Error","System","Microsoft-Windows-DistributedCOM","DevI9","S-1-5-21-2607162678-1993875226-2539318120-1001","The server {AB8902B4-09CA-4BB6-B78D-A8F59079A8D5} did not register with DCOM within the required timeout."
"10/10/2025 6:12:06 PM","10010","Error","System","Microsoft-Windows-DistributedCOM","DevI9","S-1-5-21-2607162678-1993875226-2539318120-1001","The server {AB8902B4-09CA-4BB6-B78D-A8F59079A8D5} did not register with DCOM within the required timeout."
"10/10/2025 6:12:06 PM","10010","Error","System","Microsoft-Windows-DistributedCOM","DevI9","S-1-5-21-2607162678-1993875226-2539318120-1001","The server {AB8902B4-09CA-4BB6-B78D-A8F59079A8D5} did not register with DCOM within the required timeout."
"10/10/2025 6:12:06 PM","10010","Error","System","Microsoft-Windows-DistributedCOM","DevI9","S-1-5-21-2607162678-1993875226-2539318120-1001","The server {AB8902B4-09CA-4BB6-B78D-A8F59079A8D5} did not register with DCOM within the required timeout."
"10/10/2025 6:12:06 PM","10010","Error","System","Microsoft-Windows-DistributedCOM","DevI9","S-1-5-21-2607162678-1993875226-2539318120-1001","The server {AB8902B4-09CA-4BB6-B78D-A8F59079A8D5} did not register with DCOM within the required timeout."
"10/10/2025 6:12:06 PM","10010","Error","System","Microsoft-Windows-DistributedCOM","DevI9","S-1-5-21-2607162678-1993875226-2539318120-1001","The server {AB8902B4-09CA-4BB6-B78D-A8F59079A8D5} did not register with DCOM within the required timeout."
"10/10/2025 6:12:06 PM","10010","Error","System","Microsoft-Windows-DistributedCOM","DevI9","S-1-5-21-2607162678-1993875226-2539318120-1001","The server {AB8902B4-09CA-4BB6-B78D-A8F59079A8D5} did not register with DCOM within the required timeout."
"10/10/2025 6:12:06 PM","10010","Error","System","Microsoft-Windows-DistributedCOM","DevI9","S-1-5-21-2607162678-1993875226-2539318120-1001","The server {AB8902B4-09CA-4BB6-B78D-A8F59079A8D5} did not register with DCOM within the required timeout."
"10/10/2025 6:12:06 PM","10010","Error","System","Microsoft-Windows-DistributedCOM","DevI9","S-1-5-21-2607162678-1993875226-2539318120-1001","The server {AB8902B4-09CA-4BB6-B78D-A8F59079A8D5} did not register with DCOM within the required timeout."
"10/10/2025 6:12:06 PM","10010","Error","System","Microsoft-Windows-DistributedCOM","DevI9","S-1-5-21-2607162678-1993875226-2539318120-1001","The server {AB8902B4-09CA-4BB6-B78D-A8F59079A8D5} did not register with DCOM within the required timeout."
"10/10/2025 6:12:06 PM","10010","Error","System","Microsoft-Windows-DistributedCOM","DevI9","S-1-5-21-2607162678-1993875226-2539318120-1001","The server {AB8902B4-09CA-4BB6-B78D-A8F59079A8D5} did not register with DCOM within the required timeout."
"10/10/2025 6:12:06 PM","10010","Error","System","Microsoft-Windows-DistributedCOM","DevI9","S-1-5-21-2607162678-1993875226-2539318120-1001","The server {AB8902B4-09CA-4BB6-B78D-A8F59079A8D5} did not register with DCOM within the required timeout."
"10/10/2025 6:12:06 PM","10010","Error","System","Microsoft-Windows-DistributedCOM","DevI9","S-1-5-21-2607162678-1993875226-2539318120-1001","The server {AB8902B4-09CA-4BB6-B78D-A8F59079A8D5} did not register with DCOM within the required timeout."
"10/10/2025 6:12:06 PM","10010","Error","System","Microsoft-Windows-DistributedCOM","DevI9","S-1-5-21-2607162678-1993875226-2539318120-1001","The server {AB8902B4-09CA-4BB6-B78D-A8F59079A8D5} did not register with DCOM within the required timeout."
"10/10/2025 6:12:05 PM","10010","Error","System","Microsoft-Windows-DistributedCOM","DevI9","S-1-5-21-2607162678-1993875226-2539318120-1001","The server {AB8902B4-09CA-4BB6-B78D-A8F59079A8D5} did not register with DCOM within the required timeout."
"10/10/2025 6:12:05 PM","10010","Error","System","Microsoft-Windows-DistributedCOM","DevI9","S-1-5-21-2607162678-1993875226-2539318120-1001","The server {AB8902B4-09CA-4BB6-B78D-A8F59079A8D5} did not register with DCOM within the required timeout."
"10/10/2025 6:12:05 PM","10010","Error","System","Microsoft-Windows-DistributedCOM","DevI9","S-1-5-21-2607162678-1993875226-2539318120-1001","The server {AB8902B4-09CA-4BB6-B78D-A8F59079A8D5} did not register with DCOM within the required timeout."
"10/10/2025 6:11:53 PM","10010","Error","System","Microsoft-Windows-DistributedCOM","DevI9","S-1-5-21-2607162678-1993875226-2539318120-1001","The server {AB8902B4-09CA-4BB6-B78D-A8F59079A8D5} did not register with DCOM within the required timeout."
"10/10/2025 6:11:53 PM","10010","Error","System","Microsoft-Windows-DistributedCOM","DevI9","S-1-5-21-2607162678-1993875226-2539318120-1001","The server {AB8902B4-09CA-4BB6-B78D-A8F59079A8D5} did not register with DCOM within the required timeout."
"10/10/2025 6:11:53 PM","10010","Error","System","Microsoft-Windows-DistributedCOM","DevI9","S-1-5-21-2607162678-1993875226-2539318120-1001","The server {AB8902B4-09CA-4BB6-B78D-A8F59079A8D5} did not register with DCOM within the required timeout."
"10/10/2025 6:11:53 PM","10010","Error","System","Microsoft-Windows-DistributedCOM","DevI9","S-1-5-21-2607162678-1993875226-2539318120-1001","The server {AB8902B4-09CA-4BB6-B78D-A8F59079A8D5} did not register with DCOM within the required timeout."
"10/10/2025 6:08:39 PM","7000","Error","System","Service Control Manager","DevI9",,"The RustDeskID service failed to start due to the following error:  The service did not respond to the start or control request in a timely fashion."
"10/10/2025 6:08:39 PM","7009","Error","System","Service Control Manager","DevI9",,"A timeout was reached (30000 milliseconds) while waiting for the RustDeskID service to connect."
"10/10/2025 4:59:10 PM","10016","Warning","System","Microsoft-Windows-DistributedCOM","DevI9","S-1-5-21-2607162678-1993875226-2539318120-1001","The application-specific permission settings do not grant Local Activation permission for the COM Server application with CLSID  {2593F8B9-4EAF-457C-B68A-50F6B8EA6B54}  and APPID  {15C20B67-12E7-4BB6-92BB-7AFF07997402}  to the user DEVI9\terry SID (S-1-5-21-2607162678-1993875226-2539318120-1001) from address LocalHost (Using LRPC) running in the application container Unavailable SID (Unavailable). This security permission can be modified using the Component Services administrative tool."
"10/10/2025 4:10:51 PM","1014","Warning","System","Microsoft-Windows-DNS-Client","DevI9","S-1-5-20","Name resolution for the name www.baidu.com timed out after none of the configured DNS servers responded."
"10/10/2025 2:30:02 PM","10028","Error","System","Microsoft-Windows-DistributedCOM","DevI9","S-1-5-21-2607162678-1993875226-2539318120-1001","DCOM was unable to communicate with the computer mogwai-resorts-server.database.windows.net using any of the configured protocols; requested by PID     3748 (C:\Program Files (x86)\Microsoft SQL Server Management Studio 20\Common7\IDE\Ssms.exe), while activating CLSID {8BC3F05E-D86B-11D0-A075-00C04FB68820}."
"10/10/2025 2:30:02 PM","10028","Error","System","Microsoft-Windows-DistributedCOM","DevI9","S-1-5-21-2607162678-1993875226-2539318120-1001","DCOM was unable to communicate with the computer mogwai-resorts-server.database.windows.net using any of the configured protocols; requested by PID     3748 (C:\Program Files (x86)\Microsoft SQL Server Management Studio 20\Common7\IDE\Ssms.exe), while activating CLSID {8BC3F05E-D86B-11D0-A075-00C04FB68820}."
"10/10/2025 2:30:02 PM","10028","Error","System","Microsoft-Windows-DistributedCOM","DevI9","S-1-5-21-2607162678-1993875226-2539318120-1001","DCOM was unable to communicate with the computer mogwai-resorts-server.database.windows.net using any of the configured protocols; requested by PID     3748 (C:\Program Files (x86)\Microsoft SQL Server Management Studio 20\Common7\IDE\Ssms.exe), while activating CLSID {8BC3F05E-D86B-11D0-A075-00C04FB68820}."
"10/10/2025 2:30:02 PM","10028","Error","System","Microsoft-Windows-DistributedCOM","DevI9","S-1-5-21-2607162678-1993875226-2539318120-1001","DCOM was unable to communicate with the computer mogwai-resorts-server.database.windows.net using any of the configured protocols; requested by PID     3748 (C:\Program Files (x86)\Microsoft SQL Server Management Studio 20\Common7\IDE\Ssms.exe), while activating CLSID {8BC3F05E-D86B-11D0-A075-00C04FB68820}."
"10/10/2025 2:24:46 PM","1033","Error","System","Microsoft-Windows-TPM-WMI","DevI9","S-1-5-18","Potentially revoked boot manager was detected in EFI partition. For more information, please see https://go.microsoft.com/fwlink/?linkid=2169931"
"10/10/2025 2:23:55 PM","10028","Error","System","Microsoft-Windows-DistributedCOM","DevI9","S-1-5-21-2607162678-1993875226-2539318120-1001","DCOM was unable to communicate with the computer mogwai-resorts-server.database.windows.net using any of the configured protocols; requested by PID     4188 (C:\Program Files (x86)\Microsoft SQL Server Management Studio 20\Common7\IDE\Ssms.exe), while activating CLSID {8BC3F05E-D86B-11D0-A075-00C04FB68820}."
"10/10/2025 2:23:55 PM","10028","Error","System","Microsoft-Windows-DistributedCOM","DevI9","S-1-5-21-2607162678-1993875226-2539318120-1001","DCOM was unable to communicate with the computer mogwai-resorts-server.database.windows.net using any of the configured protocols; requested by PID     4188 (C:\Program Files (x86)\Microsoft SQL Server Management Studio 20\Common7\IDE\Ssms.exe), while activating CLSID {8BC3F05E-D86B-11D0-A075-00C04FB68820}."
"10/10/2025 2:23:55 PM","10028","Error","System","Microsoft-Windows-DistributedCOM","DevI9","S-1-5-21-2607162678-1993875226-2539318120-1001","DCOM was unable to communicate with the computer mogwai-resorts-server.database.windows.net using any of the configured protocols; requested by PID     4188 (C:\Program Files (x86)\Microsoft SQL Server Management Studio 20\Common7\IDE\Ssms.exe), while activating CLSID {8BC3F05E-D86B-11D0-A075-00C04FB68820}."
"10/10/2025 2:23:55 PM","10028","Error","System","Microsoft-Windows-DistributedCOM","DevI9","S-1-5-21-2607162678-1993875226-2539318120-1001","DCOM was unable to communicate with the computer mogwai-resorts-server.database.windows.net using any of the configured protocols; requested by PID     4188 (C:\Program Files (x86)\Microsoft SQL Server Management Studio 20\Common7\IDE\Ssms.exe), while activating CLSID {8BC3F05E-D86B-11D0-A075-00C04FB68820}."
"10/10/2025 2:21:58 PM","10016","Warning","System","Microsoft-Windows-DistributedCOM","DevI9","S-1-5-18","The application-specific permission settings do not grant Local Launch permission for the COM Server application with CLSID  Windows.SecurityCenter.WscDataProtection  and APPID  Unavailable  to the user NT AUTHORITY\SYSTEM SID (S-1-5-18) from address LocalHost (Using LRPC) running in the application container Unavailable SID (Unavailable). This security permission can be modified using the Component Services administrative tool."
"10/10/2025 2:21:58 PM","10016","Warning","System","Microsoft-Windows-DistributedCOM","DevI9","S-1-5-18","The application-specific permission settings do not grant Local Launch permission for the COM Server application with CLSID  Windows.SecurityCenter.WscBrokerManager  and APPID  Unavailable  to the user NT AUTHORITY\SYSTEM SID (S-1-5-18) from address LocalHost (Using LRPC) running in the application container Unavailable SID (Unavailable). This security permission can be modified using the Component Services administrative tool."
"10/10/2025 2:21:58 PM","10016","Warning","System","Microsoft-Windows-DistributedCOM","DevI9","S-1-5-18","The application-specific permission settings do not grant Local Launch permission for the COM Server application with CLSID  Windows.SecurityCenter.SecurityAppBroker  and APPID  Unavailable  to the user NT AUTHORITY\SYSTEM SID (S-1-5-18) from address LocalHost (Using LRPC) running in the application container Unavailable SID (Unavailable). This security permission can be modified using the Component Services administrative tool."
"10/10/2025 2:20:27 PM","7023","Error","System","Service Control Manager","DevI9",,"The SysMain service terminated with the following error:  The parameter is incorrect."
"10/10/2025 2:20:27 PM","10016","Warning","System","Microsoft-Windows-DistributedCOM","DevI9","S-1-5-21-2607162678-1993875226-2539318120-1001","The application-specific permission settings do not grant Local Activation permission for the COM Server application with CLSID  {2593F8B9-4EAF-457C-B68A-50F6B8EA6B54}  and APPID  {15C20B67-12E7-4BB6-92BB-7AFF07997402}  to the user DEVI9\terry SID (S-1-5-21-2607162678-1993875226-2539318120-1001) from address LocalHost (Using LRPC) running in the application container MSTeams_25255.703.3978.7153_x64__8wekyb3d8bbwe SID (Unavailable). This security permission can be modified using the Component Services administrative tool."
"10/10/2025 2:20:00 PM","6062","Warning","System","Netwtw08","DevI9",,"6062 - Lso was triggered"
"10/10/2025 2:19:58 PM","4101","Warning","System","Display","DevI9",,"Display driver nvlddmkm stopped responding and has successfully recovered."
"10/10/2025 2:19:56 PM","153","Error","System","nvlddmkm","DevI9",,""
"10/10/2025 2:19:56 PM","153","Error","System","nvlddmkm","DevI9",,""
"10/10/2025 2:19:52 PM","153","Error","System","nvlddmkm","DevI9",,""
"10/10/2025 2:19:48 PM","10016","Warning","System","Microsoft-Windows-DistributedCOM","DevI9","S-1-5-19","The application-specific permission settings do not grant Local Activation permission for the COM Server application with CLSID  {6B3B8D23-FA8D-40B9-8DBD-B950333E2C52}  and APPID  {4839DDB7-58C2-48F5-8283-E1D1807D0D7D}  to the user NT AUTHORITY\LOCAL SERVICE SID (S-1-5-19) from address LocalHost (Using LRPC) running in the application container Unavailable SID (Unavailable). This security permission can be modified using the Component Services administrative tool."
"10/10/2025 2:19:48 PM","10016","Warning","System","Microsoft-Windows-DistributedCOM","DevI9","S-1-5-19","The application-specific permission settings do not grant Local Activation permission for the COM Server application with CLSID  {6B3B8D23-FA8D-40B9-8DBD-B950333E2C52}  and APPID  {4839DDB7-58C2-48F5-8283-E1D1807D0D7D}  to the user NT AUTHORITY\LOCAL SERVICE SID (S-1-5-19) from address LocalHost (Using LRPC) running in the application container Unavailable SID (Unavailable). This security permission can be modified using the Component Services administrative tool."
"10/10/2025 2:19:47 PM","7000","Error","System","Service Control Manager","DevI9",,"The ZoomCptService service failed to start due to the following error:  The system cannot find the file specified."
"10/10/2025 2:19:47 PM","7000","Error","System","Service Control Manager","DevI9",,"The McAfee WebAdvisor service failed to start due to the following error:  The system cannot find the file specified."
"10/10/2025 2:19:47 PM","7000","Error","System","Service Control Manager","DevI9",,"The ElevationService service failed to start due to the following error:  The system cannot find the file specified."
"10/10/2025 2:19:43 PM","14","Error","System","nvlddmkm","DevI9",,""
"10/10/2025 2:19:43 PM","14","Error","System","nvlddmkm","DevI9",,""
"10/10/2025 2:19:35 PM","219","Warning","System","Microsoft-Windows-Kernel-PnP","DevI9","S-1-5-18","The driver \Driver\WudfRd failed to load for the device ROOT\WPD\0000."
"10/10/2025 2:19:35 PM","41","Critical","System","Microsoft-Windows-Kernel-Power","DevI9","S-1-5-18","The system has rebooted without cleanly shutting down first. This error could be caused if the system stopped responding, crashed, or lost power unexpectedly."
"10/10/2025 2:19:45 PM","6008","Error","System","EventLog","DevI9",,"The previous system shutdown at 11:10:21 pm on ?09/?10/?2025 was unexpected."
"10/10/2025 2:19:25 PM","29","Error","System","Microsoft-Windows-Kernel-Boot","DevI9","S-1-5-18","Windows failed fast startup with error status 0xC00000D4."
"10/9/2025 5:21:57 PM","10016","Warning","System","Microsoft-Windows-DistributedCOM","DevI9","S-1-5-21-2607162678-1993875226-2539318120-1001","The machine-default permission settings do not grant Local Activation permission for the COM Server application with CLSID  {C2F03A33-21F5-47FA-B4BB-156362A2F239}  and APPID  {316CDED5-E4AE-4B15-9113-7055D84DCC97}  to the user DEVI9\terry SID (S-1-5-21-2607162678-1993875226-2539318120-1001) from address LocalHost (Using LRPC) running in the application container Microsoft.Windows.ShellExperienceHost_10.0.19041.5072_neutral_neutral_cw5n1h2txyewy SID (S-1-15-2-155514346-2573954481-755741238-1654018636-1233331829-3075935687-2861478708). This security permission can be modified using the Component Services administrative tool."
"10/9/2025 4:23:36 PM","10016","Warning","System","Microsoft-Windows-DistributedCOM","DevI9","S-1-5-21-2607162678-1993875226-2539318120-1001","The application-specific permission settings do not grant Local Activation permission for the COM Server application with CLSID  {2593F8B9-4EAF-457C-B68A-50F6B8EA6B54}  and APPID  {15C20B67-12E7-4BB6-92BB-7AFF07997402}  to the user DEVI9\terry SID (S-1-5-21-2607162678-1993875226-2539318120-1001) from address LocalHost (Using LRPC) running in the application container Microsoft.Windows.Search_1.14.18.19041_neutral_neutral_cw5n1h2txyewy SID (S-1-15-2-536077884-713174666-1066051701-3219990555-339840825-1966734348-1611281757). This security permission can be modified using the Component Services administrative tool."
"10/9/2025 2:50:05 PM","4101","Warning","System","Display","DevI9",,"Display driver nvlddmkm stopped responding and has successfully recovered."
"10/9/2025 2:50:02 PM","153","Error","System","nvlddmkm","DevI9",,""
"10/9/2025 2:50:02 PM","153","Error","System","nvlddmkm","DevI9",,""
"10/9/2025 2:49:58 PM","153","Error","System","nvlddmkm","DevI9",,""
"10/9/2025 2:49:52 PM","14","Error","System","nvlddmkm","DevI9",,""
"10/9/2025 2:49:52 PM","14","Error","System","nvlddmkm","DevI9",,""
"10/9/2025 2:37:52 PM","10016","Warning","System","Microsoft-Windows-DistributedCOM","DevI9","S-1-5-21-2607162678-1993875226-2539318120-1001","The application-specific permission settings do not grant Local Activation permission for the COM Server application with CLSID  {2593F8B9-4EAF-457C-B68A-50F6B8EA6B54}  and APPID  {15C20B67-12E7-4BB6-92BB-7AFF07997402}  to the user DEVI9\terry SID (S-1-5-21-2607162678-1993875226-2539318120-1001) from address LocalHost (Using LRPC) running in the application container Unavailable SID (Unavailable). This security permission can be modified using the Component Services administrative tool."
"10/9/2025 1:09:43 PM","10016","Warning","System","Microsoft-Windows-DistributedCOM","DevI9","S-1-5-21-2607162678-1993875226-2539318120-1001","The application-specific permission settings do not grant Local Activation permission for the COM Server application with CLSID  {2593F8B9-4EAF-457C-B68A-50F6B8EA6B54}  and APPID  {15C20B67-12E7-4BB6-92BB-7AFF07997402}  to the user DEVI9\terry SID (S-1-5-21-2607162678-1993875226-2539318120-1001) from address LocalHost (Using LRPC) running in the application container Microsoft.Windows.Search_1.14.18.19041_neutral_neutral_cw5n1h2txyewy SID (S-1-15-2-536077884-713174666-1066051701-3219990555-339840825-1966734348-1611281757). This security permission can be modified using the Component Services administrative tool."
"10/9/2025 12:42:27 PM","10016","Warning","System","Microsoft-Windows-DistributedCOM","DevI9","S-1-5-21-2607162678-1993875226-2539318120-1001","The application-specific permission settings do not grant Local Activation permission for the COM Server application with CLSID  {2593F8B9-4EAF-457C-B68A-50F6B8EA6B54}  and APPID  {15C20B67-12E7-4BB6-92BB-7AFF07997402}  to the user DEVI9\terry SID (S-1-5-21-2607162678-1993875226-2539318120-1001) from address LocalHost (Using LRPC) running in the application container MSTeams_25255.703.3978.7153_x64__8wekyb3d8bbwe SID (Unavailable). This security permission can be modified using the Component Services administrative tool."
