"10/9/2025 12:41:58 PM","10016","Warning","System","Microsoft-Windows-DistributedCOM","DevI9","S-1-5-19","The application-specific permission settings do not grant Local Activation permission for the COM Server application with CLSID  {6B3B8D23-FA8D-40B9-8DBD-B950333E2C52}  and APPID  {4839DDB7-58C2-48F5-8283-E1D1807D0D7D}  to the user NT AUTHORITY\LOCAL SERVICE SID (S-1-5-19) from address LocalHost (Using LRPC) running in the application container Unavailable SID (Unavailable). This security permission can be modified using the Component Services administrative tool."
"10/9/2025 12:41:58 PM","10016","Warning","System","Microsoft-Windows-DistributedCOM","DevI9","S-1-5-19","The application-specific permission settings do not grant Local Activation permission for the COM Server application with CLSID  {6B3B8D23-FA8D-40B9-8DBD-B950333E2C52}  and APPID  {4839DDB7-58C2-48F5-8283-E1D1807D0D7D}  to the user NT AUTHORITY\LOCAL SERVICE SID (S-1-5-19) from address LocalHost (Using LRPC) running in the application container Unavailable SID (Unavailable). This security permission can be modified using the Component Services administrative tool."
"10/9/2025 12:35:22 PM","1033","Error","System","Microsoft-Windows-TPM-WMI","DevI9","S-1-5-18","Potentially revoked boot manager was detected in EFI partition. For more information, please see https://go.microsoft.com/fwlink/?linkid=2169931"
"10/9/2025 12:32:31 PM","10016","Warning","System","Microsoft-Windows-DistributedCOM","DevI9","S-1-5-18","The application-specific permission settings do not grant Local Launch permission for the COM Server application with CLSID  Windows.SecurityCenter.WscDataProtection  and APPID  Unavailable  to the user NT AUTHORITY\SYSTEM SID (S-1-5-18) from address LocalHost (Using LRPC) running in the application container Unavailable SID (Unavailable). This security permission can be modified using the Component Services administrative tool."
"10/9/2025 12:30:27 PM","6062","Warning","System","Netwtw08","DevI9",,"6062 - Lso was triggered"
"10/9/2025 12:30:22 PM","7000","Error","System","Service Control Manager","DevI9",,"The ZoomCptService service failed to start due to the following error:  The system cannot find the file specified."
"10/9/2025 12:30:22 PM","7000","Error","System","Service Control Manager","DevI9",,"The McAfee WebAdvisor service failed to start due to the following error:  The system cannot find the file specified."
"10/9/2025 12:30:22 PM","7000","Error","System","Service Control Manager","DevI9",,"The ElevationService service failed to start due to the following error:  The system cannot find the file specified."
"10/9/2025 12:30:15 PM","219","Warning","System","Microsoft-Windows-Kernel-PnP","DevI9","S-1-5-18","The driver \Driver\WudfRd failed to load for the device ROOT\WPD\0000."
"10/9/2025 12:30:14 PM","41","Critical","System","Microsoft-Windows-Kernel-Power","DevI9","S-1-5-18","The system has rebooted without cleanly shutting down first. This error could be caused if the system stopped responding, crashed, or lost power unexpectedly."
"10/9/2025 12:30:21 PM","6008","Error","System","EventLog","DevI9",,"The previous system shutdown at 11:59:37 am on ?09/?10/?2025 was unexpected."
"10/9/2025 12:25:12 PM","6062","Warning","System","Netwtw08","DevI9",,"6062 - Lso was triggered"
"10/9/2025 12:24:23 PM","6062","Warning","System","Netwtw08","DevI9",,"6062 - Lso was triggered"
"10/9/2025 11:13:14 AM","6062","Warning","System","Netwtw08","DevI9",,"6062 - Lso was triggered"
"10/9/2025 7:11:11 AM","10016","Warning","System","Microsoft-Windows-DistributedCOM","DevI9","S-1-5-21-2607162678-1993875226-2539318120-1001","The application-specific permission settings do not grant Local Activation permission for the COM Server application with CLSID  {2593F8B9-4EAF-457C-B68A-50F6B8EA6B54}  and APPID  {15C20B67-12E7-4BB6-92BB-7AFF07997402}  to the user DEVI9\terry SID (S-1-5-21-2607162678-1993875226-2539318120-1001) from address LocalHost (Using LRPC) running in the application container Unavailable SID (Unavailable). This security permission can be modified using the Component Services administrative tool."
